\BOOKMARK [0][-]{chapter*.1}{Welcome Message}{}% 1
\BOOKMARK [0][-]{chapter*.2}{How to Use This Resource}{}% 2
\BOOKMARK [0][-]{chapter*.3}{Feedback}{}% 3
\BOOKMARK [0][-]{chapter.1}{Review of MAT102}{}% 4
\BOOKMARK [1][-]{section.1.1}{Sets and Functions}{chapter.1}% 5
\BOOKMARK [1][-]{section.1.2}{Logic and Proof Techniques}{chapter.1}% 6
\BOOKMARK [1][-]{section.1.3}{Integers and Divisibility}{chapter.1}% 7
\BOOKMARK [1][-]{section.1.4}{Reading and Writing Proofs}{chapter.1}% 8
\BOOKMARK [0][-]{chapter.2}{Counting Techniques}{}% 9
\BOOKMARK [1][-]{section.2.1}{The Basic Counting Principles}{chapter.2}% 10
\BOOKMARK [1][-]{section.2.2}{Permutations and Combinations}{chapter.2}% 11
\BOOKMARK [1][-]{section.2.3}{Binomial Coefficients}{chapter.2}% 12
\BOOKMARK [1][-]{section.2.4}{The Balls in Bins Formula}{chapter.2}% 13
\BOOKMARK [1][-]{section.2.5}{Combinatorial Arguments}{chapter.2}% 14
\BOOKMARK [1][-]{section.2.6}{Exercises}{chapter.2}% 15
\BOOKMARK [0][-]{chapter.3}{Pigeonhole and Inclusion-Exclusion}{}% 16
\BOOKMARK [1][-]{section.3.1}{The Pigeonhole Principle}{chapter.3}% 17
\BOOKMARK [1][-]{section.3.2}{Principle of Inclusion-Exclusion}{chapter.3}% 18
\BOOKMARK [1][-]{section.3.3}{Exercises}{chapter.3}% 19
\BOOKMARK [0][-]{appendix.A}{Notation}{}% 20
\BOOKMARK [0][-]{appendix.B}{List of Results}{}% 21
\BOOKMARK [0][-]{appendix.C}{Solutions to Selected Exercises}{}% 22
\BOOKMARK [0][-]{appendix*.76}{References}{}% 23
