This is pdfTeX, Version 3.14159265-2.6-1.40.21 (MiKTeX 2.9.7380 64-bit) (preloaded format=pdflatex 2020.6.21)  26 JUN 2020 22:56
entering extended mode
**./itdm.tex
(itdm.tex
LaTeX2e <2020-02-02> patch level 5
L3 programming layer <2020-03-06>
("C:\Program Files\MiKTeX 2.9\tex/latex/base\book.cls"
Document Class: book 2019/12/20 v1.4l Standard LaTeX document class
("C:\Program Files\MiKTeX 2.9\tex/latex/base\bk10.clo"
File: bk10.clo 2019/12/20 v1.4l Standard LaTeX file (size option)
)
\c@part=\count167
\c@chapter=\count168
\c@section=\count169
\c@subsection=\count170
\c@subsubsection=\count171
\c@paragraph=\count172
\c@subparagraph=\count173
\c@figure=\count174
\c@table=\count175
\abovecaptionskip=\skip47
\belowcaptionskip=\skip48
\bibindent=\dimen134
)
(C:\Users\tjyus\AppData\Roaming\MiKTeX\2.9\tex/latex/geometry\geometry.sty
Package: geometry 2020/01/02 v5.9 Page Geometry

("C:\Program Files\MiKTeX 2.9\tex/latex/graphics\keyval.sty"
Package: keyval 2014/10/28 v1.15 key=value parser (DPC)
\KV@toks@=\toks15
)
("C:\Program Files\MiKTeX 2.9\tex/generic/iftex\ifvtex.sty"
Package: ifvtex 2019/10/25 v1.7 ifvtex legacy package. Use iftex instead.

("C:\Program Files\MiKTeX 2.9\tex/generic/iftex\iftex.sty"
Package: iftex 2020/03/06 v1.0d TeX engine tests
))
\Gm@cnth=\count176
\Gm@cntv=\count177
\c@Gm@tempcnt=\count178
\Gm@bindingoffset=\dimen135
\Gm@wd@mp=\dimen136
\Gm@odd@mp=\dimen137
\Gm@even@mp=\dimen138
\Gm@layoutwidth=\dimen139
\Gm@layoutheight=\dimen140
\Gm@layouthoffset=\dimen141
\Gm@layoutvoffset=\dimen142
\Gm@dimlist=\toks16

(C:\Users\tjyus\AppData\Roaming\MiKTeX\2.9\tex/latex/geometry\geometry.cfg))
("C:\Program Files\MiKTeX 2.9\tex/latex/base\ifthen.sty"
Package: ifthen 2014/09/29 v1.1c Standard LaTeX ifthen package (DPC)
)
("C:\Program Files\MiKTeX 2.9\tex/latex/etoolbox\etoolbox.sty"
Package: etoolbox 2019/09/21 v2.5h e-TeX tools for LaTeX (JAW)
\etb@tempcnta=\count179
)
("C:\Program Files\MiKTeX 2.9\tex/generic/iftex\ifxetex.sty"
Package: ifxetex 2019/10/25 v0.7 ifxetex legacy package. Use iftex instead.
)
("C:\Program Files\MiKTeX 2.9\tex/generic/iftex\ifluatex.sty"
Package: ifluatex 2019/10/25 v1.5 ifluatex legacy package. Use iftex instead.
)
("C:\Program Files\MiKTeX 2.9\tex/latex/graphics\graphicx.sty"
Package: graphicx 2019/11/30 v1.2a Enhanced LaTeX Graphics (DPC,SPQR)

("C:\Program Files\MiKTeX 2.9\tex/latex/graphics\graphics.sty"
Package: graphics 2019/11/30 v1.4a Standard LaTeX Graphics (DPC,SPQR)

("C:\Program Files\MiKTeX 2.9\tex/latex/graphics\trig.sty"
Package: trig 2016/01/03 v1.10 sin cos tan (DPC)
)
("C:\Program Files\MiKTeX 2.9\tex/latex/graphics-cfg\graphics.cfg"
File: graphics.cfg 2016/06/04 v1.11 sample graphics configuration
)
Package graphics Info: Driver file: pdftex.def on input line 105.

("C:\Program Files\MiKTeX 2.9\tex/latex/graphics-def\pdftex.def"
File: pdftex.def 2018/01/08 v1.0l Graphics/color driver for pdftex
))
\Gin@req@height=\dimen143
\Gin@req@width=\dimen144
)
("C:\Program Files\MiKTeX 2.9\tex/latex/xcolor\xcolor.sty"
Package: xcolor 2016/05/11 v2.12 LaTeX color extensions (UK)

("C:\Program Files\MiKTeX 2.9\tex/latex/graphics-cfg\color.cfg"
File: color.cfg 2016/01/02 v1.6 sample color configuration
)
Package xcolor Info: Package option `usenames' ignored on input line 216.
Package xcolor Info: Driver file: pdftex.def on input line 225.

(C:\Users\tjyus\AppData\Roaming\MiKTeX\2.9\tex/latex/colortbl\colortbl.sty
Package: colortbl 2020/01/04 v1.0e Color table columns (DPC)

("C:\Program Files\MiKTeX 2.9\tex/latex/tools\array.sty"
Package: array 2019/08/31 v2.4l Tabular extension package (FMi)
\col@sep=\dimen145
\ar@mcellbox=\box45
\extrarowheight=\dimen146
\NC@list=\toks17
\extratabsurround=\skip49
\backup@length=\skip50
\ar@cellbox=\box46
)
\everycr=\toks18
\minrowclearance=\skip51
)
\rownum=\count180
Package xcolor Info: Model `cmy' substituted by `cmy0' on input line 1348.
Package xcolor Info: Model `hsb' substituted by `rgb' on input line 1352.
Package xcolor Info: Model `RGB' extended on input line 1364.
Package xcolor Info: Model `HTML' substituted by `rgb' on input line 1366.
Package xcolor Info: Model `Hsb' substituted by `hsb' on input line 1367.
Package xcolor Info: Model `tHsb' substituted by `hsb' on input line 1368.
Package xcolor Info: Model `HSB' substituted by `hsb' on input line 1369.
Package xcolor Info: Model `Gray' substituted by `gray' on input line 1370.
Package xcolor Info: Model `wave' substituted by `hsb' on input line 1371.

("C:\Program Files\MiKTeX 2.9\tex/latex/graphics\dvipsnam.def"
File: dvipsnam.def 2016/06/17 v3.0m Driver-dependent file (DPC,SPQR)
)
("C:\Program Files\MiKTeX 2.9\tex/latex/xcolor\svgnam.def"
File: svgnam.def 2016/05/11 v2.12 Predefined colors according to SVG 1.1 (UK)
))
("C:\Program Files\MiKTeX 2.9\tex/latex/tcolorbox\tcolorbox.sty"
Package: tcolorbox 2019/11/15 version 4.22 text color boxes

("C:\Program Files\MiKTeX 2.9\tex/latex/pgf/basiclayer\pgf.sty"
("C:\Program Files\MiKTeX 2.9\tex/latex/pgf/utilities\pgfrcs.sty"
("C:\Program Files\MiKTeX 2.9\tex/generic/pgf/utilities\pgfutil-common.tex"
\pgfutil@everybye=\toks19
\pgfutil@tempdima=\dimen147
\pgfutil@tempdimb=\dimen148

("C:\Program Files\MiKTeX 2.9\tex/generic/pgf/utilities\pgfutil-common-lists.te
x")) ("C:\Program Files\MiKTeX 2.9\tex/generic/pgf/utilities\pgfutil-latex.def"
\pgfutil@abb=\box47
("C:\Program Files\MiKTeX 2.9\tex/latex/ms\everyshi.sty"
Package: everyshi 2001/05/15 v3.00 EveryShipout Package (MS)
))
("C:\Program Files\MiKTeX 2.9\tex/generic/pgf/utilities\pgfrcs.code.tex"
("C:\Program Files\MiKTeX 2.9\tex/generic/pgf\pgf.revision.tex")
Package: pgfrcs 2020/01/08 v3.1.5b (3.1.5b)
))
Package: pgf 2020/01/08 v3.1.5b (3.1.5b)

("C:\Program Files\MiKTeX 2.9\tex/latex/pgf/basiclayer\pgfcore.sty"
("C:\Program Files\MiKTeX 2.9\tex/latex/pgf/systemlayer\pgfsys.sty"
("C:\Program Files\MiKTeX 2.9\tex/generic/pgf/systemlayer\pgfsys.code.tex"
Package: pgfsys 2020/01/08 v3.1.5b (3.1.5b)

("C:\Program Files\MiKTeX 2.9\tex/generic/pgf/utilities\pgfkeys.code.tex"
\pgfkeys@pathtoks=\toks20
\pgfkeys@temptoks=\toks21

("C:\Program Files\MiKTeX 2.9\tex/generic/pgf/utilities\pgfkeysfiltered.code.te
x"
\pgfkeys@tmptoks=\toks22
))
\pgf@x=\dimen149
\pgf@y=\dimen150
\pgf@xa=\dimen151
\pgf@ya=\dimen152
\pgf@xb=\dimen153
\pgf@yb=\dimen154
\pgf@xc=\dimen155
\pgf@yc=\dimen156
\pgf@xd=\dimen157
\pgf@yd=\dimen158
\w@pgf@writea=\write3
\r@pgf@reada=\read2
\c@pgf@counta=\count181
\c@pgf@countb=\count182
\c@pgf@countc=\count183
\c@pgf@countd=\count184
\t@pgf@toka=\toks23
\t@pgf@tokb=\toks24
\t@pgf@tokc=\toks25
\pgf@sys@id@count=\count185
 ("C:\Program Files\MiKTeX 2.9\tex/generic/pgf/systemlayer\pgf.cfg"
File: pgf.cfg 2020/01/08 v3.1.5b (3.1.5b)
)
Driver file for pgf: pgfsys-pdftex.def

("C:\Program Files\MiKTeX 2.9\tex/generic/pgf/systemlayer\pgfsys-pdftex.def"
File: pgfsys-pdftex.def 2020/01/08 v3.1.5b (3.1.5b)

("C:\Program Files\MiKTeX 2.9\tex/generic/pgf/systemlayer\pgfsys-common-pdf.def
"
File: pgfsys-common-pdf.def 2020/01/08 v3.1.5b (3.1.5b)
)))
("C:\Program Files\MiKTeX 2.9\tex/generic/pgf/systemlayer\pgfsyssoftpath.code.t
ex"
File: pgfsyssoftpath.code.tex 2020/01/08 v3.1.5b (3.1.5b)
\pgfsyssoftpath@smallbuffer@items=\count186
\pgfsyssoftpath@bigbuffer@items=\count187
)
("C:\Program Files\MiKTeX 2.9\tex/generic/pgf/systemlayer\pgfsysprotocol.code.t
ex"
File: pgfsysprotocol.code.tex 2020/01/08 v3.1.5b (3.1.5b)
)) ("C:\Program Files\MiKTeX 2.9\tex/generic/pgf/basiclayer\pgfcore.code.tex"
Package: pgfcore 2020/01/08 v3.1.5b (3.1.5b)
 ("C:\Program Files\MiKTeX 2.9\tex/generic/pgf/math\pgfmath.code.tex"
("C:\Program Files\MiKTeX 2.9\tex/generic/pgf/math\pgfmathcalc.code.tex"
("C:\Program Files\MiKTeX 2.9\tex/generic/pgf/math\pgfmathutil.code.tex")
("C:\Program Files\MiKTeX 2.9\tex/generic/pgf/math\pgfmathparser.code.tex"
\pgfmath@dimen=\dimen159
\pgfmath@count=\count188
\pgfmath@box=\box48
\pgfmath@toks=\toks26
\pgfmath@stack@operand=\toks27
\pgfmath@stack@operation=\toks28
)
("C:\Program Files\MiKTeX 2.9\tex/generic/pgf/math\pgfmathfunctions.code.tex"
("C:\Program Files\MiKTeX 2.9\tex/generic/pgf/math\pgfmathfunctions.basic.code.
tex")
("C:\Program Files\MiKTeX 2.9\tex/generic/pgf/math\pgfmathfunctions.trigonometr
ic.code.tex")
("C:\Program Files\MiKTeX 2.9\tex/generic/pgf/math\pgfmathfunctions.random.code
.tex")
("C:\Program Files\MiKTeX 2.9\tex/generic/pgf/math\pgfmathfunctions.comparison.
code.tex")
("C:\Program Files\MiKTeX 2.9\tex/generic/pgf/math\pgfmathfunctions.base.code.t
ex")
("C:\Program Files\MiKTeX 2.9\tex/generic/pgf/math\pgfmathfunctions.round.code.
tex")
("C:\Program Files\MiKTeX 2.9\tex/generic/pgf/math\pgfmathfunctions.misc.code.t
ex")
("C:\Program Files\MiKTeX 2.9\tex/generic/pgf/math\pgfmathfunctions.integerarit
hmetics.code.tex")))
("C:\Program Files\MiKTeX 2.9\tex/generic/pgf/math\pgfmathfloat.code.tex"
\c@pgfmathroundto@lastzeros=\count189
))
("C:\Program Files\MiKTeX 2.9\tex/generic/pgf/math\pgfint.code.tex")
("C:\Program Files\MiKTeX 2.9\tex/generic/pgf/basiclayer\pgfcorepoints.code.tex
"
File: pgfcorepoints.code.tex 2020/01/08 v3.1.5b (3.1.5b)
\pgf@picminx=\dimen160
\pgf@picmaxx=\dimen161
\pgf@picminy=\dimen162
\pgf@picmaxy=\dimen163
\pgf@pathminx=\dimen164
\pgf@pathmaxx=\dimen165
\pgf@pathminy=\dimen166
\pgf@pathmaxy=\dimen167
\pgf@xx=\dimen168
\pgf@xy=\dimen169
\pgf@yx=\dimen170
\pgf@yy=\dimen171
\pgf@zx=\dimen172
\pgf@zy=\dimen173
)
("C:\Program Files\MiKTeX 2.9\tex/generic/pgf/basiclayer\pgfcorepathconstruct.c
ode.tex"
File: pgfcorepathconstruct.code.tex 2020/01/08 v3.1.5b (3.1.5b)
\pgf@path@lastx=\dimen174
\pgf@path@lasty=\dimen175
)
("C:\Program Files\MiKTeX 2.9\tex/generic/pgf/basiclayer\pgfcorepathusage.code.
tex"
File: pgfcorepathusage.code.tex 2020/01/08 v3.1.5b (3.1.5b)
\pgf@shorten@end@additional=\dimen176
\pgf@shorten@start@additional=\dimen177
)
("C:\Program Files\MiKTeX 2.9\tex/generic/pgf/basiclayer\pgfcorescopes.code.tex
"
File: pgfcorescopes.code.tex 2020/01/08 v3.1.5b (3.1.5b)
\pgfpic=\box49
\pgf@hbox=\box50
\pgf@layerbox@main=\box51
\pgf@picture@serial@count=\count190
)
("C:\Program Files\MiKTeX 2.9\tex/generic/pgf/basiclayer\pgfcoregraphicstate.co
de.tex"
File: pgfcoregraphicstate.code.tex 2020/01/08 v3.1.5b (3.1.5b)
\pgflinewidth=\dimen178
)
("C:\Program Files\MiKTeX 2.9\tex/generic/pgf/basiclayer\pgfcoretransformations
.code.tex"
File: pgfcoretransformations.code.tex 2020/01/08 v3.1.5b (3.1.5b)
\pgf@pt@x=\dimen179
\pgf@pt@y=\dimen180
\pgf@pt@temp=\dimen181
)
("C:\Program Files\MiKTeX 2.9\tex/generic/pgf/basiclayer\pgfcorequick.code.tex"
File: pgfcorequick.code.tex 2020/01/08 v3.1.5b (3.1.5b)
)
("C:\Program Files\MiKTeX 2.9\tex/generic/pgf/basiclayer\pgfcoreobjects.code.te
x"
File: pgfcoreobjects.code.tex 2020/01/08 v3.1.5b (3.1.5b)
)
("C:\Program Files\MiKTeX 2.9\tex/generic/pgf/basiclayer\pgfcorepathprocessing.
code.tex"
File: pgfcorepathprocessing.code.tex 2020/01/08 v3.1.5b (3.1.5b)
)
("C:\Program Files\MiKTeX 2.9\tex/generic/pgf/basiclayer\pgfcorearrows.code.tex
"
File: pgfcorearrows.code.tex 2020/01/08 v3.1.5b (3.1.5b)
\pgfarrowsep=\dimen182
)
("C:\Program Files\MiKTeX 2.9\tex/generic/pgf/basiclayer\pgfcoreshade.code.tex"
File: pgfcoreshade.code.tex 2020/01/08 v3.1.5b (3.1.5b)
\pgf@max=\dimen183
\pgf@sys@shading@range@num=\count191
\pgf@shadingcount=\count192
) ("C:\Program Files\MiKTeX 2.9\tex/generic/pgf/basiclayer\pgfcoreimage.code.te
x"
File: pgfcoreimage.code.tex 2020/01/08 v3.1.5b (3.1.5b)

("C:\Program Files\MiKTeX 2.9\tex/generic/pgf/basiclayer\pgfcoreexternal.code.t
ex"
File: pgfcoreexternal.code.tex 2020/01/08 v3.1.5b (3.1.5b)
\pgfexternal@startupbox=\box52
))
("C:\Program Files\MiKTeX 2.9\tex/generic/pgf/basiclayer\pgfcorelayers.code.tex
"
File: pgfcorelayers.code.tex 2020/01/08 v3.1.5b (3.1.5b)
)
("C:\Program Files\MiKTeX 2.9\tex/generic/pgf/basiclayer\pgfcoretransparency.co
de.tex"
File: pgfcoretransparency.code.tex 2020/01/08 v3.1.5b (3.1.5b)
)
("C:\Program Files\MiKTeX 2.9\tex/generic/pgf/basiclayer\pgfcorepatterns.code.t
ex"
File: pgfcorepatterns.code.tex 2020/01/08 v3.1.5b (3.1.5b)
)
("C:\Program Files\MiKTeX 2.9\tex/generic/pgf/basiclayer\pgfcorerdf.code.tex"
File: pgfcorerdf.code.tex 2020/01/08 v3.1.5b (3.1.5b)
))) ("C:\Program Files\MiKTeX 2.9\tex/generic/pgf/modules\pgfmoduleshapes.code.
tex"
File: pgfmoduleshapes.code.tex 2020/01/08 v3.1.5b (3.1.5b)
\pgfnodeparttextbox=\box53
) ("C:\Program Files\MiKTeX 2.9\tex/generic/pgf/modules\pgfmoduleplot.code.tex"
File: pgfmoduleplot.code.tex 2020/01/08 v3.1.5b (3.1.5b)
)
("C:\Program Files\MiKTeX 2.9\tex/latex/pgf/compatibility\pgfcomp-version-0-65.
sty"
Package: pgfcomp-version-0-65 2020/01/08 v3.1.5b (3.1.5b)
\pgf@nodesepstart=\dimen184
\pgf@nodesepend=\dimen185
)
("C:\Program Files\MiKTeX 2.9\tex/latex/pgf/compatibility\pgfcomp-version-1-18.
sty"
Package: pgfcomp-version-1-18 2020/01/08 v3.1.5b (3.1.5b)
)) ("C:\Program Files\MiKTeX 2.9\tex/latex/tools\verbatim.sty"
Package: verbatim 2019/11/10 v1.5r LaTeX2e package for verbatim enhancements
\every@verbatim=\toks29
\verbatim@line=\toks30
\verbatim@in@stream=\read3
)
("C:\Program Files\MiKTeX 2.9\tex/latex/environ\environ.sty"
Package: environ 2014/05/04 v0.3 A new way to define environments

("C:\Program Files\MiKTeX 2.9\tex/latex/trimspaces\trimspaces.sty"
Package: trimspaces 2009/09/17 v1.1 Trim spaces around a token list
)
\@envbody=\toks31
)
\tcb@titlebox=\box54
\tcb@upperbox=\box55
\tcb@lowerbox=\box56
\tcb@phantombox=\box57
\c@tcbbreakpart=\count193
\c@tcblayer=\count194
\tcolorbox@number=\count195
\tcb@temp=\box58
\tcb@temp=\box59
\tcb@temp=\box60
\tcb@temp=\box61
\tcb@out=\write4
\tcb@record@out=\write5
)
("C:\Program Files\MiKTeX 2.9\tex/latex/tcolorbox\tcbskins.code.tex"
Library (tcolorbox): 'tcbskins.code.tex' version '4.22'
("C:\Program Files\MiKTeX 2.9\tex/latex/pgf/frontendlayer\tikz.sty"
("C:\Program Files\MiKTeX 2.9\tex/latex/pgf/utilities\pgffor.sty"
("C:\Program Files\MiKTeX 2.9\tex/latex/pgf/utilities\pgfkeys.sty"
("C:\Program Files\MiKTeX 2.9\tex/generic/pgf/utilities\pgfkeys.code.tex"))
("C:\Program Files\MiKTeX 2.9\tex/latex/pgf/math\pgfmath.sty"
("C:\Program Files\MiKTeX 2.9\tex/generic/pgf/math\pgfmath.code.tex"))
("C:\Program Files\MiKTeX 2.9\tex/generic/pgf/utilities\pgffor.code.tex"
Package: pgffor 2020/01/08 v3.1.5b (3.1.5b)

("C:\Program Files\MiKTeX 2.9\tex/generic/pgf/math\pgfmath.code.tex")
\pgffor@iter=\dimen186
\pgffor@skip=\dimen187
\pgffor@stack=\toks32
\pgffor@toks=\toks33
))
("C:\Program Files\MiKTeX 2.9\tex/generic/pgf/frontendlayer/tikz\tikz.code.tex"
Package: tikz 2020/01/08 v3.1.5b (3.1.5b)

("C:\Program Files\MiKTeX 2.9\tex/generic/pgf/libraries\pgflibraryplothandlers.
code.tex"
File: pgflibraryplothandlers.code.tex 2020/01/08 v3.1.5b (3.1.5b)
\pgf@plot@mark@count=\count196
\pgfplotmarksize=\dimen188
)
\tikz@lastx=\dimen189
\tikz@lasty=\dimen190
\tikz@lastxsaved=\dimen191
\tikz@lastysaved=\dimen192
\tikz@lastmovetox=\dimen193
\tikz@lastmovetoy=\dimen194
\tikzleveldistance=\dimen195
\tikzsiblingdistance=\dimen196
\tikz@figbox=\box62
\tikz@figbox@bg=\box63
\tikz@tempbox=\box64
\tikz@tempbox@bg=\box65
\tikztreelevel=\count197
\tikznumberofchildren=\count198
\tikznumberofcurrentchild=\count199
\tikz@fig@count=\count266

("C:\Program Files\MiKTeX 2.9\tex/generic/pgf/modules\pgfmodulematrix.code.tex"
File: pgfmodulematrix.code.tex 2020/01/08 v3.1.5b (3.1.5b)
\pgfmatrixcurrentrow=\count267
\pgfmatrixcurrentcolumn=\count268
\pgf@matrix@numberofcolumns=\count269
)
\tikz@expandcount=\count270

("C:\Program Files\MiKTeX 2.9\tex/generic/pgf/frontendlayer/tikz/libraries\tikz
librarytopaths.code.tex"
File: tikzlibrarytopaths.code.tex 2020/01/08 v3.1.5b (3.1.5b)
)))
\tcb@waterbox=\box66

("C:\Program Files\MiKTeX 2.9\tex/latex/tcolorbox\tcbskinsjigsaw.code.tex"
Library (tcolorbox): 'tcbskinsjigsaw.code.tex' version '4.22'
)) ("C:\Program Files\MiKTeX 2.9\tex/latex/tcolorbox\tcbbreakable.code.tex"
Library (tcolorbox): 'tcbbreakable.code.tex' version '4.22'
\tcb@testbox=\box67
\tcb@totalupperbox=\box68
\tcb@totallowerbox=\box69
) ("C:\Program Files\MiKTeX 2.9\tex/latex/tcolorbox\tcbraster.code.tex"
Library (tcolorbox): 'tcbraster.code.tex' version '4.22'
\c@tcbrastercolumn=\count271
\c@tcbrasterrow=\count272
\c@tcbraster=\count273
) ("C:\Program Files\MiKTeX 2.9\tex/latex/tcolorbox\tcbxparse.code.tex"
Library (tcolorbox): 'tcbxparse.code.tex' version '4.22'
("C:\Program Files\MiKTeX 2.9\tex/latex/l3packages/xparse\xparse.sty"
("C:\Program Files\MiKTeX 2.9\tex/latex/l3kernel\expl3.sty"
Package: expl3 2020-03-06 L3 programming layer (loader) 

("C:\Program Files\MiKTeX 2.9\tex/latex/l3backend\l3backend-pdfmode.def"
File: l3backend-pdfmode.def 2020-03-12 L3 backend support: PDF mode
\l__kernel_color_stack_int=\count274
\l__pdf_internal_box=\box70
))
Package: xparse 2020-03-06 L3 Experimental document command parser
\l__xparse_current_arg_int=\count275
\g__xparse_grabber_int=\count276
\l__xparse_m_args_int=\count277
\l__xparse_v_nesting_int=\count278
))
(C:\Users\tjyus\AppData\Roaming\MiKTeX\2.9\tex/latex/xstring\xstring.sty
(C:\Users\tjyus\AppData\Roaming\MiKTeX\2.9\tex/generic/xstring\xstring.tex
\integerpart=\count279
\decimalpart=\count280
)
Package: xstring 2019/02/06 v1.83 String manipulations (CT)
)
("C:\Program Files\MiKTeX 2.9\tex/latex/base\inputenc.sty"
Package: inputenc 2018/08/11 v1.3c Input encoding file
\inpenc@prehook=\toks34
\inpenc@posthook=\toks35
)
(C:\Users\tjyus\AppData\Roaming\MiKTeX\2.9\tex/latex/iwona\iwona.sty
Package: iwona 2005/10/03 v.1.2 Iwona package (MW)
\c@mv@iwona=\count281
\c@mv@iwonabold=\count282
LaTeX Font Info:    Overwriting symbol font `operators' in version `iwona'
(Font)                  OT1/cmr/m/n --> OT1/iwonam/m/n on input line 58.
LaTeX Font Info:    Overwriting symbol font `letters' in version `iwona'
(Font)                  OML/cmm/m/it --> OML/iwona/m/it on input line 59.
LaTeX Font Info:    Overwriting symbol font `symbols' in version `iwona'
(Font)                  OMS/cmsy/m/n --> OMS/iwona/m/n on input line 60.
LaTeX Font Info:    Overwriting symbol font `largesymbols' in version `iwona'
(Font)                  OMX/cmex/m/n --> OMX/iwona/m/n on input line 61.
LaTeX Font Info:    Overwriting symbol font `operators' in version `iwonabold'
(Font)                  OT1/cmr/m/n --> OT1/iwonam/b/n on input line 62.
LaTeX Font Info:    Overwriting symbol font `letters' in version `iwonabold'
(Font)                  OML/cmm/m/it --> OML/iwona/b/it on input line 63.
LaTeX Font Info:    Overwriting symbol font `symbols' in version `iwonabold'
(Font)                  OMS/cmsy/m/n --> OMS/iwona/b/n on input line 64.
LaTeX Font Info:    Overwriting symbol font `largesymbols' in version `iwonabol
d'
(Font)                  OMX/cmex/m/n --> OMX/iwona/b/n on input line 65.
LaTeX Font Info:    Overwriting math alphabet `\mathbf' in version `iwona'
(Font)                  OT1/cmr/bx/n --> OT1/iwona/bx/n on input line 67.
LaTeX Font Info:    Overwriting math alphabet `\mathsf' in version `iwona'
(Font)                  OT1/cmss/m/n --> OT1/iwona/m/n on input line 68.
LaTeX Font Info:    Overwriting math alphabet `\mathit' in version `iwona'
(Font)                  OT1/cmr/m/it --> OT1/iwona/m/it on input line 69.
LaTeX Font Info:    Overwriting math alphabet `\mathtt' in version `iwona'
(Font)                  OT1/cmtt/m/n --> OT1/iwona/m/n on input line 70.
LaTeX Font Info:    Overwriting math alphabet `\mathsf' in version `iwonabold'
(Font)                  OT1/cmss/m/n --> OT1/iwona/bx/n on input line 71.
LaTeX Font Info:    Overwriting math alphabet `\mathit' in version `iwonabold'
(Font)                  OT1/cmr/m/it --> OT1/iwona/bx/it on input line 72.
)
("C:\Program Files\MiKTeX 2.9\tex/latex/base\fontenc.sty"
Package: fontenc 2020/02/11 v2.0o Standard LaTeX package
LaTeX Font Info:    Trying to load font information for T1+iwona on input line 
112.

(C:\Users\tjyus\AppData\Roaming\MiKTeX\2.9\tex/latex/iwona\t1iwona.fd
File: t1iwona.fd 2008/07/22 v0.995 font definition file for T1/iwona (MW)
))
("C:\Program Files\MiKTeX 2.9\tex/latex/amsmath\amsmath.sty"
Package: amsmath 2020/01/20 v2.17e AMS math features
\@mathmargin=\skip52

For additional information on amsmath, use the `?' option.
("C:\Program Files\MiKTeX 2.9\tex/latex/amsmath\amstext.sty"
Package: amstext 2000/06/29 v2.01 AMS text

("C:\Program Files\MiKTeX 2.9\tex/latex/amsmath\amsgen.sty"
File: amsgen.sty 1999/11/30 v2.0 generic functions
\@emptytoks=\toks36
\ex@=\dimen197
))
("C:\Program Files\MiKTeX 2.9\tex/latex/amsmath\amsbsy.sty"
Package: amsbsy 1999/11/29 v1.2d Bold Symbols
\pmbraise@=\dimen198
)
("C:\Program Files\MiKTeX 2.9\tex/latex/amsmath\amsopn.sty"
Package: amsopn 2016/03/08 v2.02 operator names
)
\inf@bad=\count283
LaTeX Info: Redefining \frac on input line 227.
\uproot@=\count284
\leftroot@=\count285
LaTeX Info: Redefining \overline on input line 389.
\classnum@=\count286
\DOTSCASE@=\count287
LaTeX Info: Redefining \ldots on input line 486.
LaTeX Info: Redefining \dots on input line 489.
LaTeX Info: Redefining \cdots on input line 610.
\Mathstrutbox@=\box71
\strutbox@=\box72
\big@size=\dimen199
LaTeX Font Info:    Redeclaring font encoding OML on input line 733.
LaTeX Font Info:    Redeclaring font encoding OMS on input line 734.
\macc@depth=\count288
\c@MaxMatrixCols=\count289
\dotsspace@=\muskip16
\c@parentequation=\count290
\dspbrk@lvl=\count291
\tag@help=\toks37
\row@=\count292
\column@=\count293
\maxfields@=\count294
\andhelp@=\toks38
\eqnshift@=\dimen256
\alignsep@=\dimen257
\tagshift@=\dimen258
\tagwidth@=\dimen259
\totwidth@=\dimen260
\lineht@=\dimen261
\@envbody=\toks39
\multlinegap=\skip53
\multlinetaggap=\skip54
\mathdisplay@stack=\toks40
LaTeX Info: Redefining \[ on input line 2859.
LaTeX Info: Redefining \] on input line 2860.
)
("C:\Program Files\MiKTeX 2.9\tex/latex/amsmath\amscd.sty"
Package: amscd 2017/04/14 v2.1 AMS Commutative Diagrams
\athelp@=\toks41
\minaw@=\dimen262
\bigaw@=\dimen263
\minCDarrowwidth=\dimen264
)
("C:\Program Files\MiKTeX 2.9\tex/latex/amsfonts\amssymb.sty"
Package: amssymb 2013/01/14 v3.01 AMS font symbols

("C:\Program Files\MiKTeX 2.9\tex/latex/amsfonts\amsfonts.sty"
Package: amsfonts 2013/01/14 v3.01 Basic AMSFonts support
\symAMSa=\mathgroup4
\symAMSb=\mathgroup5
LaTeX Font Info:    Redeclaring math symbol \hbar on input line 98.
LaTeX Font Info:    Overwriting math alphabet `\mathfrak' in version `bold'
(Font)                  U/euf/m/n --> U/euf/b/n on input line 106.
))
(C:\Users\tjyus\AppData\Roaming\MiKTeX\2.9\tex/latex/titlesec\titlesec.sty
Package: titlesec 2019/10/16 v2.13 Sectioning titles
\ttl@box=\box73
\beforetitleunit=\skip55
\aftertitleunit=\skip56
\ttl@plus=\dimen265
\ttl@minus=\dimen266
\ttl@toksa=\toks42
\titlewidth=\dimen267
\titlewidthlast=\dimen268
\titlewidthfirst=\dimen269

(C:\Users\tjyus\AppData\Roaming\MiKTeX\2.9\tex/latex/titlesec\titleps.sty))
(C:\Users\tjyus\AppData\Roaming\MiKTeX\2.9\tex/latex/titlesec\titletoc.sty
Package: titletoc 2019/10/16 v2.13 TOC entries
\ttl@leftsep=\dimen270
)
(C:\Users\tjyus\AppData\Roaming\MiKTeX\2.9\tex/fonts/ifsym\ifsym.sty
Package: ifsym 2000/04/18 I.Kloeckl

("C:\Program Files\MiKTeX 2.9\tex/latex/tools\calc.sty"
Package: calc 2017/05/25 v4.3 Infix arithmetic (KKT,FJ)
\calc@Acount=\count295
\calc@Bcount=\count296
\calc@Adimen=\dimen271
\calc@Bdimen=\dimen272
\calc@Askip=\skip57
\calc@Bskip=\skip58
LaTeX Info: Redefining \setlength on input line 80.
LaTeX Info: Redefining \addtolength on input line 81.
\calc@Ccount=\count297
\calc@Cskip=\skip59
)
\c@ifsymcnt=\count298
)
\c@tcb@cnt@block=\count299
\c@tcb@cnt@project-distinct=\count300
\c@tcb@cnt@subdisplay=\count301
\Oldarrayrulewidth=\skip60

("C:\Program Files\MiKTeX 2.9\tex/latex/tools\multicol.sty"
Package: multicol 2019/12/09 v1.8y multicolumn formatting (FMi)
\c@tracingmulticols=\count302
\mult@box=\box74
\multicol@leftmargin=\dimen273
\c@unbalance=\count303
\c@collectmore=\count304
\doublecol@number=\count305
\multicoltolerance=\count306
\multicolpretolerance=\count307
\full@width=\dimen274
\page@free=\dimen275
\premulticols=\dimen276
\postmulticols=\dimen277
\multicolsep=\skip61
\multicolbaselineskip=\skip62
\partial@page=\box75
\last@line=\box76
\maxbalancingoverflow=\dimen278
\mult@rightbox=\box77
\mult@grightbox=\box78
\mult@gfirstbox=\box79
\mult@firstbox=\box80
\@tempa=\box81
\@tempa=\box82
\@tempa=\box83
\@tempa=\box84
\@tempa=\box85
\@tempa=\box86
\@tempa=\box87
\@tempa=\box88
\@tempa=\box89
\@tempa=\box90
\@tempa=\box91
\@tempa=\box92
\@tempa=\box93
\@tempa=\box94
\@tempa=\box95
\@tempa=\box96
\@tempa=\box97
\@tempa=\box98
\@tempa=\box99
\@tempa=\box100
\@tempa=\box101
\@tempa=\box102
\@tempa=\box103
\@tempa=\box104
\@tempa=\box105
\@tempa=\box106
\@tempa=\box107
\@tempa=\box108
\@tempa=\box109
\@tempa=\box110
\@tempa=\box111
\@tempa=\box112
\@tempa=\box113
\@tempa=\box114
\@tempa=\box115
\@tempa=\box116
\@tempa=\box117
\c@minrows=\count308
\c@columnbadness=\count309
\c@finalcolumnbadness=\count310
\last@try=\dimen279
\multicolovershoot=\dimen280
\multicolundershoot=\dimen281
\mult@nat@firstbox=\box118
\colbreak@box=\box119
\mc@col@check@num=\count311
)
(C:\Users\tjyus\AppData\Roaming\MiKTeX\2.9\tex/latex/enumitem\enumitem.sty
Package: enumitem 2019/06/20 v3.9 Customized lists
\labelindent=\skip63
\enit@outerparindent=\dimen282
\enit@toks=\toks43
\enit@inbox=\box120
\enit@count@id=\count312
\enitdp@description=\count313
)
\enitdp@referencelist=\count314

("C:\Program Files\MiKTeX 2.9\tex/latex/tools\longtable.sty"
Package: longtable 2020/01/07 v4.13 Multi-page Table package (DPC)
\LTleft=\skip64
\LTright=\skip65
\LTpre=\skip66
\LTpost=\skip67
\LTchunksize=\count315
\LTcapwidth=\dimen283
\LT@head=\box121
\LT@firsthead=\box122
\LT@foot=\box123
\LT@lastfoot=\box124
\LT@cols=\count316
\LT@rows=\count317
\c@LT@tables=\count318
\c@LT@chunks=\count319
\LT@p@ftn=\toks44
)
("C:\Program Files\MiKTeX 2.9\tex/latex/hyperref\hyperref.sty"
Package: hyperref 2020/01/14 v7.00d Hypertext links for LaTeX

(C:\Users\tjyus\AppData\Roaming\MiKTeX\2.9\tex/generic/ltxcmds\ltxcmds.sty
Package: ltxcmds 2019/12/15 v1.24 LaTeX kernel commands for general use (HO)
)
("C:\Program Files\MiKTeX 2.9\tex/latex/pdftexcmds\pdftexcmds.sty"
Package: pdftexcmds 2019/11/24 v0.31 Utility functions of pdfTeX for LuaTeX (HO
)

(C:\Users\tjyus\AppData\Roaming\MiKTeX\2.9\tex/generic/infwarerr\infwarerr.sty
Package: infwarerr 2019/12/03 v1.5 Providing info/warning/error messages (HO)
)
Package pdftexcmds Info: \pdf@primitive is available.
Package pdftexcmds Info: \pdf@ifprimitive is available.
Package pdftexcmds Info: \pdfdraftmode found.
)
(C:\Users\tjyus\AppData\Roaming\MiKTeX\2.9\tex/generic/kvsetkeys\kvsetkeys.sty
Package: kvsetkeys 2019/12/15 v1.18 Key value parser (HO)
)
(C:\Users\tjyus\AppData\Roaming\MiKTeX\2.9\tex/generic/kvdefinekeys\kvdefinekey
s.sty
Package: kvdefinekeys 2019-12-19 v1.6 Define keys (HO)
)
(C:\Users\tjyus\AppData\Roaming\MiKTeX\2.9\tex/generic/pdfescape\pdfescape.sty
Package: pdfescape 2019/12/09 v1.15 Implements pdfTeX's escape features (HO)
) (C:\Users\tjyus\AppData\Roaming\MiKTeX\2.9\tex/latex/hycolor\hycolor.sty
Package: hycolor 2020-01-27 v1.10 Color options for hyperref/bookmark (HO)
)
(C:\Users\tjyus\AppData\Roaming\MiKTeX\2.9\tex/latex/letltxmacro\letltxmacro.st
y
Package: letltxmacro 2019/12/03 v1.6 Let assignment for LaTeX macros (HO)
) (C:\Users\tjyus\AppData\Roaming\MiKTeX\2.9\tex/latex/auxhook\auxhook.sty
Package: auxhook 2019-12-17 v1.6 Hooks for auxiliary files (HO)
)
(C:\Users\tjyus\AppData\Roaming\MiKTeX\2.9\tex/latex/kvoptions\kvoptions.sty
Package: kvoptions 2019/11/29 v3.13 Key value format for package options (HO)
)
\@linkdim=\dimen284
\Hy@linkcounter=\count320
\Hy@pagecounter=\count321

("C:\Program Files\MiKTeX 2.9\tex/latex/hyperref\pd1enc.def"
File: pd1enc.def 2020/01/14 v7.00d Hyperref: PDFDocEncoding definition (HO)
Now handling font encoding PD1 ...
... no UTF-8 mapping file for font encoding PD1
)
(C:\Users\tjyus\AppData\Roaming\MiKTeX\2.9\tex/generic/intcalc\intcalc.sty
Package: intcalc 2019/12/15 v1.3 Expandable calculations with integers (HO)
)
(C:\Users\tjyus\AppData\Roaming\MiKTeX\2.9\tex/generic/etexcmds\etexcmds.sty
Package: etexcmds 2019/12/15 v1.7 Avoid name clashes with e-TeX commands (HO)
)
\Hy@SavedSpaceFactor=\count322
Package hyperref Info: Option `hyperfootnotes' set `false' on input line 4421.
Package hyperref Info: Hyper figures OFF on input line 4547.
Package hyperref Info: Link nesting OFF on input line 4552.
Package hyperref Info: Hyper index ON on input line 4555.
Package hyperref Info: Plain pages OFF on input line 4562.
Package hyperref Info: Backreferencing OFF on input line 4567.
Package hyperref Info: Implicit mode ON; LaTeX internals redefined.
Package hyperref Info: Bookmarks ON on input line 4800.
\c@Hy@tempcnt=\count323

("C:\Program Files\MiKTeX 2.9\tex/latex/url\url.sty"
\Urlmuskip=\muskip17
Package: url 2013/09/16  ver 3.4  Verb mode for urls, etc.
)
LaTeX Info: Redefining \url on input line 5159.
\XeTeXLinkMargin=\dimen285

(C:\Users\tjyus\AppData\Roaming\MiKTeX\2.9\tex/generic/bitset\bitset.sty
Package: bitset 2019/12/09 v1.3 Handle bit-vector datatype (HO)

(C:\Users\tjyus\AppData\Roaming\MiKTeX\2.9\tex/generic/bigintcalc\bigintcalc.st
y
Package: bigintcalc 2019/12/15 v1.5 Expandable calculations on big integers (HO
)
))
\Fld@menulength=\count324
\Field@Width=\dimen286
\Fld@charsize=\dimen287
Package hyperref Info: Hyper figures OFF on input line 6430.
Package hyperref Info: Link nesting OFF on input line 6435.
Package hyperref Info: Hyper index ON on input line 6438.
Package hyperref Info: backreferencing OFF on input line 6445.
Package hyperref Info: Link coloring OFF on input line 6450.
Package hyperref Info: Link coloring with OCG OFF on input line 6455.
Package hyperref Info: PDF/A mode OFF on input line 6460.
LaTeX Info: Redefining \ref on input line 6500.
LaTeX Info: Redefining \pageref on input line 6504.

(C:\Users\tjyus\AppData\Roaming\MiKTeX\2.9\tex/generic/atbegshi\atbegshi.sty
Package: atbegshi 2019/12/05 v1.19 At begin shipout hook (HO)
)
\Hy@abspage=\count325
\c@Item=\count326
)
Package hyperref Info: Driver (autodetected): hpdftex.

("C:\Program Files\MiKTeX 2.9\tex/latex/hyperref\hpdftex.def"
File: hpdftex.def 2020/01/14 v7.00d Hyperref driver for pdfTeX

(C:\Users\tjyus\AppData\Roaming\MiKTeX\2.9\tex/latex/atveryend\atveryend.sty
Package: atveryend 2019-12-11 v1.11 Hooks at the very end of document (HO)
)
\Fld@listcount=\count327
\c@bookmark@seq@number=\count328

(C:\Users\tjyus\AppData\Roaming\MiKTeX\2.9\tex/latex/rerunfilecheck\rerunfilech
eck.sty
Package: rerunfilecheck 2019/12/05 v1.9 Rerun checks for auxiliary files (HO)

(C:\Users\tjyus\AppData\Roaming\MiKTeX\2.9\tex/generic/uniquecounter\uniquecoun
ter.sty
Package: uniquecounter 2019/12/15 v1.4 Provide unlimited unique counter (HO)
)
Package uniquecounter Info: New unique counter `rerunfilecheck' on input line 2
86.
)
\Hy@SectionHShift=\skip68
)
Package hyperref Info: Option `colorlinks' set `true' on input line 698.

(C:\Users\tjyus\AppData\Roaming\MiKTeX\2.9\tex/latex/calculator\calculator.sty
Package: calculator 2014/02/20 v.2.0
\cctr@lengtha=\dimen288
\cctr@lengthb=\dimen289
\cctr@epsilon=\dimen290
) ("C:\Program Files\MiKTeX 2.9\tex/latex/pgfplots\pgfplots.sty"
("C:\Program Files\MiKTeX 2.9\tex/generic/pgfplots\pgfplots.revision.tex")
Package: pgfplots 2020/02/29 v1.17 Data Visualization (1.17)

("C:\Program Files\MiKTeX 2.9\tex/generic/pgfplots\pgfplots.code.tex"
("C:\Program Files\MiKTeX 2.9\tex/generic/pgfplots\pgfplotscore.code.tex"
\t@pgfplots@toka=\toks45
\t@pgfplots@tokb=\toks46
\t@pgfplots@tokc=\toks47
\pgfplots@tmpa=\dimen291
\c@pgfplots@coordindex=\count329
\c@pgfplots@scanlineindex=\count330

("C:\Program Files\MiKTeX 2.9\tex/generic/pgfplots/sys\pgfplotssysgeneric.code.
tex"))
("C:\Program Files\MiKTeX 2.9\tex/generic/pgfplots/libs\pgfplotslibrary.code.te
x")
("C:\Program Files\MiKTeX 2.9\tex/generic/pgfplots/oldpgfcompatib\pgfplotsoldpg
fsupp_loader.code.tex"
("C:\Program Files\MiKTeX 2.9\tex/generic/pgf/libraries\pgflibraryfpu.code.tex"
)) ("C:\Program Files\MiKTeX 2.9\tex/generic/pgfplots/util\pgfplotsutil.code.te
x"
("C:\Program Files\MiKTeX 2.9\tex/generic/pgfplots/liststructure\pgfplotslistst
ructure.code.tex")
("C:\Program Files\MiKTeX 2.9\tex/generic/pgfplots/liststructure\pgfplotslistst
ructureext.code.tex")
("C:\Program Files\MiKTeX 2.9\tex/generic/pgfplots/liststructure\pgfplotsarray.
code.tex"
\c@pgfplotsarray@tmp=\count331
)
("C:\Program Files\MiKTeX 2.9\tex/generic/pgfplots/liststructure\pgfplotsmatrix
.code.tex")
("C:\Program Files\MiKTeX 2.9\tex/generic/pgfplots/numtable\pgfplotstableshared
.code.tex"
\c@pgfplotstable@counta=\count332
\t@pgfplotstable@a=\toks48
)
("C:\Program Files\MiKTeX 2.9\tex/generic/pgfplots/liststructure\pgfplotsdeque.
code.tex")
("C:\Program Files\MiKTeX 2.9\tex/generic/pgfplots/util\pgfplotsbinary.code.tex
"
("C:\Program Files\MiKTeX 2.9\tex/generic/pgfplots/util\pgfplotsbinary.data.cod
e.tex"))
("C:\Program Files\MiKTeX 2.9\tex/generic/pgfplots/util\pgfplotsutil.verb.code.
tex")
("C:\Program Files\MiKTeX 2.9\tex/generic/pgfplots/libs\pgflibrarypgfplots.surf
shading.code.tex"
\c@pgfplotslibrarysurf@no=\count333

("C:\Program Files\MiKTeX 2.9\tex/generic/pgfplots/sys\pgflibrarypgfplots.surfs
hading.pgfsys-pdftex.def")))
("C:\Program Files\MiKTeX 2.9\tex/generic/pgfplots/util\pgfplotscolormap.code.t
ex"
("C:\Program Files\MiKTeX 2.9\tex/generic/pgfplots/util\pgfplotscolor.code.tex"
))
("C:\Program Files\MiKTeX 2.9\tex/generic/pgfplots\pgfplotsstackedplots.code.te
x")
("C:\Program Files\MiKTeX 2.9\tex/generic/pgfplots\pgfplotsplothandlers.code.te
x"
("C:\Program Files\MiKTeX 2.9\tex/generic/pgfplots\pgfplotsmeshplothandler.code
.tex"
("C:\Program Files\MiKTeX 2.9\tex/generic/pgfplots\pgfplotsmeshplotimage.code.t
ex")))
("C:\Program Files\MiKTeX 2.9\tex/generic/pgfplots\pgfplots.scaling.code.tex")
("C:\Program Files\MiKTeX 2.9\tex/generic/pgfplots\pgfplotscoordprocessing.code
.tex")
("C:\Program Files\MiKTeX 2.9\tex/generic/pgfplots\pgfplots.errorbars.code.tex"
) ("C:\Program Files\MiKTeX 2.9\tex/generic/pgfplots\pgfplots.markers.code.tex"
) ("C:\Program Files\MiKTeX 2.9\tex/generic/pgfplots\pgfplotsticks.code.tex")
("C:\Program Files\MiKTeX 2.9\tex/generic/pgfplots\pgfplots.paths.code.tex")
("C:\Program Files\MiKTeX 2.9\tex/generic/pgf/frontendlayer/tikz/libraries\tikz
librarydecorations.code.tex"
("C:\Program Files\MiKTeX 2.9\tex/generic/pgf/modules\pgfmoduledecorations.code
.tex"
\pgfdecoratedcompleteddistance=\dimen292
\pgfdecoratedremainingdistance=\dimen293
\pgfdecoratedinputsegmentcompleteddistance=\dimen294
\pgfdecoratedinputsegmentremainingdistance=\dimen295
\pgf@decorate@distancetomove=\dimen296
\pgf@decorate@repeatstate=\count334
\pgfdecorationsegmentamplitude=\dimen297
\pgfdecorationsegmentlength=\dimen298
)
\tikz@lib@dec@box=\box125
)
("C:\Program Files\MiKTeX 2.9\tex/generic/pgf/frontendlayer/tikz/libraries\tikz
librarydecorations.pathmorphing.code.tex"
("C:\Program Files\MiKTeX 2.9\tex/generic/pgf/libraries/decorations\pgflibraryd
ecorations.pathmorphing.code.tex"))
("C:\Program Files\MiKTeX 2.9\tex/generic/pgf/frontendlayer/tikz/libraries\tikz
librarydecorations.pathreplacing.code.tex"
("C:\Program Files\MiKTeX 2.9\tex/generic/pgf/libraries/decorations\pgflibraryd
ecorations.pathreplacing.code.tex"))
\pgfplots@numplots=\count335
\pgfplots@xmin@reg=\dimen299
\pgfplots@xmax@reg=\dimen300
\pgfplots@ymin@reg=\dimen301
\pgfplots@ymax@reg=\dimen302
\pgfplots@zmin@reg=\dimen303
\pgfplots@zmax@reg=\dimen304
)
("C:\Program Files\MiKTeX 2.9\tex/generic/pgf/frontendlayer/tikz/libraries\tikz
libraryplotmarks.code.tex"
File: tikzlibraryplotmarks.code.tex 2020/01/08 v3.1.5b (3.1.5b)

("C:\Program Files\MiKTeX 2.9\tex/generic/pgf/libraries\pgflibraryplotmarks.cod
e.tex"
File: pgflibraryplotmarks.code.tex 2020/01/08 v3.1.5b (3.1.5b)
))) (C:\Users\tjyus\AppData\Roaming\MiKTeX\2.9\tex/latex/ascii\ascii.sty
File: ascii.sty 2006/05/30 v2.0 Package `ascii.sty'

("C:\Program Files\MiKTeX 2.9\tex/latex/tools\xspace.sty"
Package: xspace 2014/10/28 v1.13 Space after command names (DPC,MH)
))
("C:\Program Files\MiKTeX 2.9\tex/generic/pgf/frontendlayer/tikz/libraries\tikz
libraryshapes.code.tex"
File: tikzlibraryshapes.code.tex 2020/01/08 v3.1.5b (3.1.5b)

("C:\Program Files\MiKTeX 2.9\tex/generic/pgf/frontendlayer/tikz/libraries\tikz
libraryshapes.geometric.code.tex"
File: tikzlibraryshapes.geometric.code.tex 2020/01/08 v3.1.5b (3.1.5b)

("C:\Program Files\MiKTeX 2.9\tex/generic/pgf/libraries/shapes\pgflibraryshapes
.geometric.code.tex"
File: pgflibraryshapes.geometric.code.tex 2020/01/08 v3.1.5b (3.1.5b)
))
("C:\Program Files\MiKTeX 2.9\tex/generic/pgf/frontendlayer/tikz/libraries\tikz
libraryshapes.misc.code.tex"
File: tikzlibraryshapes.misc.code.tex 2020/01/08 v3.1.5b (3.1.5b)

("C:\Program Files\MiKTeX 2.9\tex/generic/pgf/libraries/shapes\pgflibraryshapes
.misc.code.tex"
File: pgflibraryshapes.misc.code.tex 2020/01/08 v3.1.5b (3.1.5b)
))
("C:\Program Files\MiKTeX 2.9\tex/generic/pgf/frontendlayer/tikz/libraries\tikz
libraryshapes.symbols.code.tex"
File: tikzlibraryshapes.symbols.code.tex 2020/01/08 v3.1.5b (3.1.5b)

("C:\Program Files\MiKTeX 2.9\tex/generic/pgf/libraries/shapes\pgflibraryshapes
.symbols.code.tex"
File: pgflibraryshapes.symbols.code.tex 2020/01/08 v3.1.5b (3.1.5b)
))
("C:\Program Files\MiKTeX 2.9\tex/generic/pgf/frontendlayer/tikz/libraries\tikz
libraryshapes.arrows.code.tex"
File: tikzlibraryshapes.arrows.code.tex 2020/01/08 v3.1.5b (3.1.5b)

("C:\Program Files\MiKTeX 2.9\tex/generic/pgf/libraries/shapes\pgflibraryshapes
.arrows.code.tex"
File: pgflibraryshapes.arrows.code.tex 2020/01/08 v3.1.5b (3.1.5b)
))
("C:\Program Files\MiKTeX 2.9\tex/generic/pgf/frontendlayer/tikz/libraries\tikz
libraryshapes.callouts.code.tex"
("C:\Program Files\MiKTeX 2.9\tex/generic/pgf/libraries/shapes\pgflibraryshapes
.callouts.code.tex"))
("C:\Program Files\MiKTeX 2.9\tex/generic/pgf/frontendlayer/tikz/libraries\tikz
libraryshapes.multipart.code.tex"
File: tikzlibraryshapes.multipart.code.tex 2020/01/08 v3.1.5b (3.1.5b)

("C:\Program Files\MiKTeX 2.9\tex/generic/pgf/libraries/shapes\pgflibraryshapes
.multipart.code.tex"
File: pgflibraryshapes.multipart.code.tex 2020/01/08 v3.1.5b (3.1.5b)
\pgfnodepartlowerbox=\box126
\pgfnodeparttwobox=\box127
\pgfnodepartthreebox=\box128
\pgfnodepartfourbox=\box129
\pgfnodeparttwentybox=\box130
\pgfnodepartnineteenbox=\box131
\pgfnodeparteighteenbox=\box132
\pgfnodepartseventeenbox=\box133
\pgfnodepartsixteenbox=\box134
\pgfnodepartfifteenbox=\box135
\pgfnodepartfourteenbox=\box136
\pgfnodepartthirteenbox=\box137
\pgfnodeparttwelvebox=\box138
\pgfnodepartelevenbox=\box139
\pgfnodeparttenbox=\box140
\pgfnodepartninebox=\box141
\pgfnodeparteightbox=\box142
\pgfnodepartsevenbox=\box143
\pgfnodepartsixbox=\box144
\pgfnodepartfivebox=\box145
)))
("C:\Program Files\MiKTeX 2.9\tex/generic/pgf/frontendlayer/tikz/libraries\tikz
librarypatterns.code.tex"
File: tikzlibrarypatterns.code.tex 2020/01/08 v3.1.5b (3.1.5b)

("C:\Program Files\MiKTeX 2.9\tex/generic/pgf/libraries\pgflibrarypatterns.code
.tex"
File: pgflibrarypatterns.code.tex 2020/01/08 v3.1.5b (3.1.5b)
))
("C:\Program Files\MiKTeX 2.9\tex/generic/pgf/frontendlayer/tikz/libraries\tikz
librarysnakes.code.tex"
File: tikzlibrarysnakes.code.tex 2020/01/08 v3.1.5b (3.1.5b)


Package pgf Warning: Snakes have been superseded by decorations. Please use the
 decoration libraries instead of the snakes library on input line 14.


("C:\Program Files\MiKTeX 2.9\tex/generic/pgf/frontendlayer/tikz/libraries\tikz
librarydecorations.shapes.code.tex"
("C:\Program Files\MiKTeX 2.9\tex/generic/pgf/libraries/decorations\pgflibraryd
ecorations.shapes.code.tex")))
("C:\Program Files\MiKTeX 2.9\tex/generic/pgf/frontendlayer/tikz/libraries\tikz
libraryarrows.code.tex"
File: tikzlibraryarrows.code.tex 2020/01/08 v3.1.5b (3.1.5b)

("C:\Program Files\MiKTeX 2.9\tex/generic/pgf/libraries\pgflibraryarrows.code.t
ex"
File: pgflibraryarrows.code.tex 2020/01/08 v3.1.5b (3.1.5b)
\arrowsize=\dimen305
))
("C:\Program Files\MiKTeX 2.9\tex/generic/pgf/libraries\pgflibraryarrows.meta.c
ode.tex"
File: pgflibraryarrows.meta.code.tex 2020/01/08 v3.1.5b (3.1.5b)
\pgfarrowinset=\dimen306
\pgfarrowlength=\dimen307
\pgfarrowwidth=\dimen308
\pgfarrowlinewidth=\dimen309
)
("C:\Program Files\MiKTeX 2.9\tex/generic/pgf/frontendlayer/tikz/libraries\tikz
librarydecorations.markings.code.tex"
("C:\Program Files\MiKTeX 2.9\tex/generic/pgf/libraries/decorations\pgflibraryd
ecorations.markings.code.tex"))
("C:\Program Files\MiKTeX 2.9\tex/generic/pgf/frontendlayer/tikz/libraries/grap
hs\tikzlibrarygraphs.code.tex"
File: tikzlibrarygraphs.code.tex 2020/01/08 v3.1.5b (3.1.5b)
\tikz@lib@auto@number=\count336
\tikz@qnode@count=\count337
)
("C:\Program Files\MiKTeX 2.9\tex/generic/pgf/frontendlayer/tikz/libraries/grap
hs\tikzlibrarygraphs.standard.code.tex"
File: tikzlibrarygraphs.standard.code.tex 2020/01/08 v3.1.5b (3.1.5b)
)
\symextraup=\mathgroup6

(C:\Users\tjyus\AppData\Roaming\MiKTeX\2.9\tex/latex/extpfeil\extpfeil.sty
Package: extpfeil 2009/10/31 v0.4 Extensible Pfeile (PE)

(C:\Users\tjyus\AppData\Roaming\MiKTeX\2.9\tex/latex/mathtools\mathtools.sty
Package: mathtools 2020/03/24 v1.24 mathematical typesetting tools

(C:\Users\tjyus\AppData\Roaming\MiKTeX\2.9\tex/latex/mathtools\mhsetup.sty
Package: mhsetup 2017/03/31 v1.3 programming setup (MH)
)
LaTeX Info: Thecontrolsequence`\('isalreadyrobust on input line 130.
LaTeX Info: Thecontrolsequence`\)'isalreadyrobust on input line 130.
LaTeX Info: Thecontrolsequence`\['isalreadyrobust on input line 130.
LaTeX Info: Thecontrolsequence`\]'isalreadyrobust on input line 130.
\g_MT_multlinerow_int=\count338
\l_MT_multwidth_dim=\dimen310
\origjot=\skip69
\l_MT_shortvdotswithinadjustabove_dim=\dimen311
\l_MT_shortvdotswithinadjustbelow_dim=\dimen312
\l_MT_above_intertext_sep=\dimen313
\l_MT_below_intertext_sep=\dimen314
\l_MT_above_shortintertext_sep=\dimen315
\l_MT_below_shortintertext_sep=\dimen316
\xmathstrut@box=\box146
\xmathstrut@dim=\dimen317
)
(C:\Users\tjyus\AppData\Roaming\MiKTeX\2.9\tex/latex/stmaryrd\stmaryrd.sty
Package: stmaryrd 1994/03/03 St Mary's Road symbol package
\symstmry=\mathgroup7
LaTeX Font Info:    Overwriting symbol font `stmry' in version `bold'
(Font)                  U/stmry/m/n --> U/stmry/b/n on input line 89.
))
(C:\Users\tjyus\AppData\Roaming\MiKTeX\2.9\tex/latex/makecell\makecell.sty
Package: makecell 2009/08/03 V0.1e Managing of Tab Column Heads and Cells
\rotheadsize=\dimen318
\c@nlinenum=\count339
\TeXr@lab=\toks49
)
(C:\Users\tjyus\AppData\Roaming\MiKTeX\2.9\tex/latex/setspace\setspace.sty
Package: setspace 2011/12/19 v6.7a set line spacing
)
(C:\Users\tjyus\AppData\Roaming\MiKTeX\2.9\tex/latex/mdframed\mdframed.sty
Package: mdframed 2013/07/01 1.9b: mdframed

(C:\Users\tjyus\AppData\Roaming\MiKTeX\2.9\tex/latex/zref\zref-abspage.sty
Package: zref-abspage 2020-03-03 v2.29 Module abspage for zref (HO)

(C:\Users\tjyus\AppData\Roaming\MiKTeX\2.9\tex/latex/zref\zref-base.sty
Package: zref-base 2020-03-03 v2.29 Module base for zref (HO)
Package zref Info: New property list: main on input line 763.
Package zref Info: New property: default on input line 764.
Package zref Info: New property: page on input line 765.
)
\c@abspage=\count340
Package zref Info: New property: abspage on input line 66.
)
(C:\Users\tjyus\AppData\Roaming\MiKTeX\2.9\tex/latex/needspace\needspace.sty
Package: needspace 2010/09/12 v1.3d reserve vertical space
)
\mdf@templength=\skip70
\c@mdf@globalstyle@cnt=\count341
\mdf@skipabove@length=\skip71
\mdf@skipbelow@length=\skip72
\mdf@leftmargin@length=\skip73
\mdf@rightmargin@length=\skip74
\mdf@innerleftmargin@length=\skip75
\mdf@innerrightmargin@length=\skip76
\mdf@innertopmargin@length=\skip77
\mdf@innerbottommargin@length=\skip78
\mdf@splittopskip@length=\skip79
\mdf@splitbottomskip@length=\skip80
\mdf@outermargin@length=\skip81
\mdf@innermargin@length=\skip82
\mdf@linewidth@length=\skip83
\mdf@innerlinewidth@length=\skip84
\mdf@middlelinewidth@length=\skip85
\mdf@outerlinewidth@length=\skip86
\mdf@roundcorner@length=\skip87
\mdf@footenotedistance@length=\skip88
\mdf@userdefinedwidth@length=\skip89
\mdf@needspace@length=\skip90
\mdf@frametitleaboveskip@length=\skip91
\mdf@frametitlebelowskip@length=\skip92
\mdf@frametitlerulewidth@length=\skip93
\mdf@frametitleleftmargin@length=\skip94
\mdf@frametitlerightmargin@length=\skip95
\mdf@shadowsize@length=\skip96
\mdf@extratopheight@length=\skip97
\mdf@subtitleabovelinewidth@length=\skip98
\mdf@subtitlebelowlinewidth@length=\skip99
\mdf@subtitleaboveskip@length=\skip100
\mdf@subtitlebelowskip@length=\skip101
\mdf@subtitleinneraboveskip@length=\skip102
\mdf@subtitleinnerbelowskip@length=\skip103
\mdf@subsubtitleabovelinewidth@length=\skip104
\mdf@subsubtitlebelowlinewidth@length=\skip105
\mdf@subsubtitleaboveskip@length=\skip106
\mdf@subsubtitlebelowskip@length=\skip107
\mdf@subsubtitleinneraboveskip@length=\skip108
\mdf@subsubtitleinnerbelowskip@length=\skip109

(C:\Users\tjyus\AppData\Roaming\MiKTeX\2.9\tex/latex/mdframed\md-frame-0.mdf
File: md-frame-0.mdf 2013/07/01\ 1.9b: md-frame-0
)
\mdf@frametitlebox=\box147
\mdf@footnotebox=\box148
\mdf@splitbox@one=\box149
\mdf@splitbox@two=\box150
\mdf@splitbox@save=\box151
\mdfsplitboxwidth=\skip110
\mdfsplitboxtotalwidth=\skip111
\mdfsplitboxheight=\skip112
\mdfsplitboxdepth=\skip113
\mdfsplitboxtotalheight=\skip114
\mdfframetitleboxwidth=\skip115
\mdfframetitleboxtotalwidth=\skip116
\mdfframetitleboxheight=\skip117
\mdfframetitleboxdepth=\skip118
\mdfframetitleboxtotalheight=\skip119
\mdffootnoteboxwidth=\skip120
\mdffootnoteboxtotalwidth=\skip121
\mdffootnoteboxheight=\skip122
\mdffootnoteboxdepth=\skip123
\mdffootnoteboxtotalheight=\skip124
\mdftotallinewidth=\skip125
\mdfboundingboxwidth=\skip126
\mdfboundingboxtotalwidth=\skip127
\mdfboundingboxheight=\skip128
\mdfboundingboxdepth=\skip129
\mdfboundingboxtotalheight=\skip130
\mdf@freevspace@length=\skip131
\mdf@horizontalwidthofbox@length=\skip132
\mdf@verticalmarginwhole@length=\skip133
\mdf@horizontalspaceofbox=\skip134
\mdfsubtitleheight=\skip135
\mdfsubsubtitleheight=\skip136
\c@mdfcountframes=\count342

****** mdframed patching \endmdf@trivlist

****** -- success******

\mdf@envdepth=\count343
\c@mdf@env@i=\count344
\c@mdf@env@ii=\count345
\c@mdf@zref@counter=\count346
Package zref Info: New property: mdf@pagevalue on input line 895.
)
(C:\Users\tjyus\AppData\Roaming\MiKTeX\2.9\tex/latex/venndiagram\venndiagram.st
y
Package: venndiagram 2018/06/07 v1.2 (NLCT) Venn diagrams
 ("C:\Program Files\MiKTeX 2.9\tex/latex/xkeyval\xkeyval.sty"
Package: xkeyval 2014/12/03 v2.7a package option processing (HA)

("C:\Program Files\MiKTeX 2.9\tex/generic/xkeyval\xkeyval.tex"
("C:\Program Files\MiKTeX 2.9\tex/generic/xkeyval\xkvutils.tex"
\XKV@toks=\toks50
\XKV@tempa@toks=\toks51
)
\XKV@depth=\count347
File: xkeyval.tex 2014/12/03 v2.7a key=value parser (HA)
))
\@venn@Ax=\skip137
\@venn@Ay=\skip138
\@venn@Bx=\skip139
\@venn@By=\skip140
\@venn@Cx=\skip141
\@venn@Cy=\skip142
\@venn@w=\skip143
\@venn@h=\skip144
\@venn@intersect@i@x=\skip145
\@venn@intersect@i@y=\skip146
\@venn@intersect@ii@x=\skip147
\@venn@intersect@ii@y=\skip148
) (itdm.aux)
\openout1 = `itdm.aux'.

LaTeX Font Info:    Checking defaults for OML/cmm/m/it on input line 779.
LaTeX Font Info:    ... okay on input line 779.
LaTeX Font Info:    Checking defaults for OMS/cmsy/m/n on input line 779.
LaTeX Font Info:    ... okay on input line 779.
LaTeX Font Info:    Checking defaults for OT1/cmr/m/n on input line 779.
LaTeX Font Info:    ... okay on input line 779.
LaTeX Font Info:    Checking defaults for T1/cmr/m/n on input line 779.
LaTeX Font Info:    ... okay on input line 779.
LaTeX Font Info:    Checking defaults for TS1/cmr/m/n on input line 779.
LaTeX Font Info:    ... okay on input line 779.
LaTeX Font Info:    Checking defaults for OMX/cmex/m/n on input line 779.
LaTeX Font Info:    ... okay on input line 779.
LaTeX Font Info:    Checking defaults for U/cmr/m/n on input line 779.
LaTeX Font Info:    ... okay on input line 779.
LaTeX Font Info:    Checking defaults for PD1/pdf/m/n on input line 779.
LaTeX Font Info:    ... okay on input line 779.

*geometry* driver: auto-detecting
*geometry* detected driver: pdftex
*geometry* verbose mode - [ preamble ] result:
* driver: pdftex
* paper: letterpaper
* layout: <same size as paper>
* layoutoffset:(h,v)=(0.0pt,0.0pt)
* modes: 
* h-part:(L,W,R)=(137.14749pt, 340.0pt, 137.1475pt)
* v-part:(T,H,B)=(57.81598pt, 650.43pt, 86.72401pt)
* \paperwidth=614.295pt
* \paperheight=794.96999pt
* \textwidth=340.0pt
* \textheight=650.43pt
* \oddsidemargin=64.8775pt
* \evensidemargin=64.8775pt
* \topmargin=-44.5215pt
* \headheight=12.0pt
* \headsep=18.06749pt
* \topskip=10.0pt
* \footskip=25.29494pt
* \marginparwidth=69.0pt
* \marginparsep=7.0pt
* \columnsep=10.0pt
* \skip\footins=9.0pt plus 4.0pt minus 2.0pt
* \hoffset=0.0pt
* \voffset=0.0pt
* \mag=1000
* \@twocolumnfalse
* \@twosidefalse
* \@mparswitchfalse
* \@reversemarginfalse
* (1in=72.27pt=25.4mm, 1cm=28.453pt)

("C:\Program Files\MiKTeX 2.9\tex/context/base/mkii\supp-pdf.mkii"
[Loading MPS to PDF converter (version 2006.09.02).]
\scratchcounter=\count348
\scratchdimen=\dimen319
\scratchbox=\box152
\nofMPsegments=\count349
\nofMParguments=\count350
\everyMPshowfont=\toks52
\MPscratchCnt=\count351
\MPscratchDim=\dimen320
\MPnumerator=\count352
\makeMPintoPDFobject=\count353
\everyMPtoPDFconversion=\toks53
) ("C:\Program Files\MiKTeX 2.9\tex/latex/epstopdf-pkg\epstopdf-base.sty"
Package: epstopdf-base 2020-01-24 v2.11 Base part for package epstopdf
Package epstopdf-base Info: Redefining graphics rule for `.eps' on input line 4
85.
)
ABD: EveryShipout initializing macros
\AtBeginShipoutBox=\box153
Package hyperref Info: Link coloring ON on input line 779.

("C:\Program Files\MiKTeX 2.9\tex/latex/hyperref\nameref.sty"
Package: nameref 2019/09/16 v2.46 Cross-referencing by name of section

(C:\Users\tjyus\AppData\Roaming\MiKTeX\2.9\tex/latex/refcount\refcount.sty
Package: refcount 2019/12/15 v3.6 Data extraction from label references (HO)
)
(C:\Users\tjyus\AppData\Roaming\MiKTeX\2.9\tex/generic/gettitlestring\gettitles
tring.sty
Package: gettitlestring 2019/12/15 v1.6 Cleanup title references (HO)
)
\c@section@level=\count354
)
LaTeX Info: Redefining \ref on input line 779.
LaTeX Info: Redefining \pageref on input line 779.
LaTeX Info: Redefining \nameref on input line 779.
 (itdm.out) (itdm.out)
\@outlinefile=\write6
\openout6 = `itdm.out'.


Package pgfplots notification 'compat/show suggested version=true': you might b
enefit from \pgfplotsset{compat=1.17} (current compat level: 1.15).

[1


{C:/Users/tjyus/AppData/Local/MiKTeX/2.9/pdftex/config/pdftex.map}] [2

]
[3

]
LaTeX Font Info:    Trying to load font information for T1+cmtt on input line 8
14.
 ("C:\Program Files\MiKTeX 2.9\tex/latex/base\t1cmtt.fd"
File: t1cmtt.fd 2019/12/16 v2.5j Standard LaTeX font definitions
)
LaTeX Font Info:    Trying to load font information for TS1+iwona on input line
 815.

(C:\Users\tjyus\AppData\Roaming\MiKTeX\2.9\tex/latex/iwona\ts1iwona.fd
File: ts1iwona.fd 2008/07/22 v0.995 font definition file for TS1/iwona (MW)
)
<figs/by-nc-sa.pdf, id=117, 96.36pt x 33.726pt>
File: figs/by-nc-sa.pdf Graphic file (type pdf)
<use figs/by-nc-sa.pdf>
Package pdftex.def Info: figs/by-nc-sa.pdf  used on input line 817.
(pdftex.def)             Requested size: 85.6pt x 29.95993pt.

[4

 <./figs/by-nc-sa.pdf>]
************************************************
Preface Welcome Message
************************************************
<figs/TJ.jpg, id=128, 1022.31938pt x 1022.31938pt>
File: figs/TJ.jpg Graphic file (type jpg)
<use figs/TJ.jpg>
Package pdftex.def Info: figs/TJ.jpg  used on input line 833.
(pdftex.def)             Requested size: 238.59897pt x 238.59155pt.
<figs/UTMfall.jpg, id=130, 4047.12pt x 3035.34pt>
File: figs/UTMfall.jpg Graphic file (type jpg)
<use figs/UTMfall.jpg>
Package pdftex.def Info: figs/UTMfall.jpg  used on input line 844.
(pdftex.def)             Requested size: 238.59897pt x 178.91676pt.
[5


 <./figs/TJ.jpg>]
************************************************
Preface How to Use This Resource
************************************************

LaTeX Font Warning: Font shape `T1/iwona/m/sl' undefined
(Font)              using `T1/iwona/m/it' instead on input line 879.

[6 <./figs/UTMfall.jpg>]
************************************************
Preface Feedback
************************************************
[7

] [8

] (itdm.toc [9

])
\tf@toc=\write7
\openout7 = `itdm.toc'.



LaTeX Font Warning: Font shape `T1/iwona/m/sl' undefined
(Font)              using `T1/iwona/m/it' instead on input line 905.

[10]
************************************************
Chapter 1 Review of MAT102
************************************************
Chapter 1.

LaTeX Font Warning: Font shape `T1/iwona/m/sl' undefined
(Font)              using `T1/iwona/m/it' instead on input line 918.

************************************************
Section 1.1 Sets and Functions
************************************************
LaTeX Font Info:    Trying to load font information for U+ifgeo on input line 9
26.
(C:\Users\tjyus\AppData\Roaming\MiKTeX\2.9\tex/fonts/ifsym\uifgeo.fd)

LaTeX Font Warning: Font shape `U/ifgeo/b/n' undefined
(Font)              using `U/ifgeo/m/n' instead on input line 926.

LaTeX Font Info:    Trying to load font information for OT1+iwonam on input lin
e 927.
(C:\Users\tjyus\AppData\Roaming\MiKTeX\2.9\tex/latex/iwona\ot1iwonam.fd
File: ot1iwonam.fd 2005/10/05 v1.2 font definition file for OT1/iwonam (MW)
)
LaTeX Font Info:    Trying to load font information for OML+iwona on input line
 927.

(C:\Users\tjyus\AppData\Roaming\MiKTeX\2.9\tex/latex/iwona\omliwona.fd
File: omliwona.fd 2008/07/22 v0.995 font definition file for OML/iwona (MW)
)
LaTeX Font Info:    Trying to load font information for OMS+iwona on input line
 927.

(C:\Users\tjyus\AppData\Roaming\MiKTeX\2.9\tex/latex/iwona\omsiwona.fd
File: omsiwona.fd 2008/07/22 v0.995 font definition file for OMS/iwona (MW)
)
LaTeX Font Info:    Trying to load font information for OMX+iwona on input line
 927.

(C:\Users\tjyus\AppData\Roaming\MiKTeX\2.9\tex/latex/iwona\omxiwona.fd
File: omxiwona.fd 2008/07/22 v0.995 font definition file for OMX/iwona (MW)
)
LaTeX Font Info:    Trying to load font information for U+msa on input line 927
.

("C:\Program Files\MiKTeX 2.9\tex/latex/amsfonts\umsa.fd"
File: umsa.fd 2013/01/14 v3.01 AMS symbols A
)
LaTeX Font Info:    Trying to load font information for U+msb on input line 927
.

("C:\Program Files\MiKTeX 2.9\tex/latex/amsfonts\umsb.fd"
File: umsb.fd 2013/01/14 v3.01 AMS symbols B
)
LaTeX Font Info:    Trying to load font information for U+zavm on input line 92
7.

(C:\Users\tjyus\AppData\Roaming\MiKTeX\2.9\tex/latex/arev\uzavm.fd
File: uzavm.fd 2006/05/30 Fontinst v1.929 font definitions for U/zavm.
)
LaTeX Font Info:    Trying to load font information for U+stmry on input line 9
27.

(C:\Users\tjyus\AppData\Roaming\MiKTeX\2.9\tex/latex/stmaryrd\ustmry.fd)
[1


]

LaTeX Font Warning: Font shape `T1/iwona/m/sl' undefined
(Font)              using `T1/iwona/m/it' instead on input line 1004.

[2]
************************************************
Section 1.2 Logic and Proof Techniques
************************************************

LaTeX Font Warning: Font shape `T1/iwona/m/sl' undefined
(Font)              using `T1/iwona/m/it' instead on input line 1063.

[3]pdfTeX warning (ext4): destination with the same identifier (name{tcb@cnt@bl
ock.1}) has been already used, duplicate ignored
<to be read again> 
                   \relax 
l.1083 ...l Induction.}{}{x:theorem:thm-induction}
                                                  %pdfTeX warning (ext4): desti
nation with the same identifier (name{tcb@cnt@block.2}) has been already used, 
duplicate ignored
<to be read again> 
                   \relax 
l.1098 ...cise}{}{x:exercise:exe-review-induction}
                                                  %

LaTeX Font Warning: Font shape `T1/iwona/m/sl' undefined
(Font)              using `T1/iwona/m/it' instead on input line 1106.

[4]pdfTeX warning (ext4): destination with the same identifier (name{tcb@cnt@bl
ock.3}) has been already used, duplicate ignored
<to be read again> 
                   \relax 
l.1107 ...exercise:exe-review-induction-fibonacci}
                                                  %pdfTeX warning (ext4): desti
nation with the same identifier (name{tcb@cnt@block.4}) has been already used, 
duplicate ignored
<to be read again> 
                   \relax 
l.1119 ...{x:exercise:exe-review-induction-tiling}
                                                  %pdfTeX warning (ext4): desti
nation with the same identifier (name{tcb@cnt@block.5}) has been already used, 
duplicate ignored
<to be read again> 
                   \relax 
l.1121 ...by-two grid.}{x:figure:exe-tiling-fig}{}
                                                  %
************************************************
Section 1.3 Integers and Divisibility
************************************************
pdfTeX warning (ext4): destination with the same identifier (name{tcb@cnt@block
.1}) has been already used, duplicate ignored
<to be read again> 
                   \relax 
l.1147 ... Primes.}{x:definition:def-divisibility}
                                                  %pdfTeX warning (ext4): desti
nation with the same identifier (name{tcb@cnt@block.2}) has been already used, 
duplicate ignored
<to be read again> 
                   \relax 
l.1159 ...hm.}{}{x:theorem:thm-division-algorithm}
                                                  %pdfTeX warning (ext4): desti
nation with the same identifier (name{tcb@cnt@block.3}) has been already used, 
duplicate ignored
<to be read again> 
                   \relax 
l.1166 ...:exercise:exe-review-division-algorithm}
                                                  %

LaTeX Font Warning: Font shape `T1/iwona/m/sl' undefined
(Font)              using `T1/iwona/m/it' instead on input line 1174.

[5]pdfTeX warning (ext4): destination with the same identifier (name{tcb@cnt@bl
ock.4}) has been already used, duplicate ignored
<to be read again> 
                   \relax 
l.1175 ...{definition}{GCD.}{x:definition:def-gcd}
                                                  %pdfTeX warning (ext4): desti
nation with the same identifier (name{tcb@cnt@block.5}) has been already used, 
duplicate ignored
<to be read again> 
                   \relax 
l.1192 ...neexercise}{}{x:exercise:exe-review-gcd}
                                                  %pdfTeX warning (ext4): desti
nation with the same identifier (name{tcb@cnt@block.6}) has been already used, 
duplicate ignored
<to be read again> 
                   \relax 
l.1197 ...out's Identity.}{}{x:theorem:thm-bezout}
                                                  %pdfTeX warning (ext4): desti
nation with the same identifier (name{tcb@cnt@block.7}) has been already used, 
duplicate ignored
<to be read again> 
                   \relax 
l.1200 ...xercise}{}{x:exercise:exe-review-bezout}
                                                  %pdfTeX warning (ext4): desti
nation with the same identifier (name{tcb@cnt@block.8}) has been already used, 
duplicate ignored
<to be read again> 
                   \relax 
l.1207 ...:exercise:exe-review-bezout-no-solution}
                                                  %pdfTeX warning (ext4): desti
nation with the same identifier (name{tcb@cnt@block.9}) has been already used, 
duplicate ignored
<to be read again> 
                   \relax 
l.1214 ...ise}{}{x:exercise:exe-review-bezout-gcd}
                                                  %pdfTeX warning (ext4): desti
nation with the same identifier (name{tcb@cnt@block.10}) has been already used,
 duplicate ignored
<to be read again> 
                   \relax 
l.1217 ...}{Euclid's Lemma.}{}{x:lemma:lem-euclid}
                                                  %pdfTeX warning (ext4): desti
nation with the same identifier (name{tcb@cnt@block.11}) has been already used,
 duplicate ignored
<to be read again> 
                   \relax 
l.1220 ...e}{}{x:exercise:exe-review-euclid-proof}
                                                  %pdfTeX warning (ext4): desti
nation with the same identifier (name{tcb@cnt@block.12}) has been already used,
 duplicate ignored
<to be read again> 
                   \relax 
l.1223 ...}{}{x:exercise:exe-review-bezout-euclid}
                                                  %
************************************************
Section 1.4 Reading and Writing Proofs
************************************************
pdfTeX warning (ext4): destination with the same identifier (name{tcb@cnt@proje
ct-distinct.1}) has been already used, duplicate ignored
<to be read again> 
                   \relax 
l.1235 \begin{activity}{}{g:activity:id248178}
                                              %

LaTeX Font Warning: Font shape `T1/iwona/m/sl' undefined
(Font)              using `T1/iwona/m/it' instead on input line 1286.

[6]

LaTeX Font Warning: Font shape `T1/iwona/m/sl' undefined
(Font)              using `T1/iwona/m/it' instead on input line 1313.

[7]
************************************************
Chapter 2 Counting Techniques
************************************************

LaTeX Font Warning: Font shape `T1/iwona/m/sl' undefined
(Font)              using `T1/iwona/m/it' instead on input line 1342.

[8]
Chapter 2.
************************************************
Section 2.1 The Basic Counting Principles
************************************************
pdfTeX warning (ext4): destination with the same identifier (name{tcb@cnt@block
.1}) has been already used, duplicate ignored
<to be read again> 
                   \relax 
l.1368 ...}{x:example:eg-counting-kiss-marry-kill}
                                                  % [9

]pdfTeX warning (ext4): destination with the same identifier (name{tcb@cnt@bloc
k.2}) has been already used, duplicate ignored
<to be read again> 
                   \relax 
l.1390 ...ating.}{x:exercise:ex-counting-coldplay}
                                                  %pdfTeX warning (ext4): desti
nation with the same identifier (name{tcb@cnt@block.3}) has been already used, 
duplicate ignored
<to be read again> 
                   \relax 
l.1401 ...g Adoption.}{x:example:eg-counting-dogs}
                                                  %pdfTeX warning (ext4): desti
nation with the same identifier (name{tcb@cnt@block.4}) has been already used, 
duplicate ignored
<to be read again> 
                   \relax 
l.1426 ...e}{Socks!}{x:exercise:ex-counting-socks}
                                                  %pdfTeX warning (ext4): desti
nation with the same identifier (name{tcb@cnt@block.5}) has been already used, 
duplicate ignored
<to be read again> 
                   \relax 
l.1433 ...ts.}{x:exercise:ex-counting-test-papers}
                                                  %
<figs/test-papers.jpg, id=349, 839.2956pt x 472.164pt>
File: figs/test-papers.jpg Graphic file (type jpg)
<use figs/test-papers.jpg>
Package pdftex.def Info: figs/test-papers.jpg  used on input line 1437.
(pdftex.def)             Requested size: 170.90001pt x 96.13861pt.


LaTeX Font Warning: Font shape `T1/iwona/m/sl' undefined
(Font)              using `T1/iwona/m/it' instead on input line 1444.

[10]pdfTeX warning (ext4): destination with the same identifier (name{tcb@cnt@b
lock.6}) has been already used, duplicate ignored
<to be read again> 
                   \relax 
l.1450 ...{Partition.}{x:definition:def-partition}
                                                  %pdfTeX warning (ext4): desti
nation with the same identifier (name{tcb@cnt@block.7}) has been already used, 
duplicate ignored
<to be read again> 
                   \relax 
l.1458 ...{Sum Rule.}{}{x:principle:prin-sum-rule}
                                                  %pdfTeX warning (ext4): desti
nation with the same identifier (name{tcb@cnt@block.8}) has been already used, 
duplicate ignored
<to be read again> 
                   \relax 
l.1466 ...lowers.}{x:exercise:ex-counting-twitter}
                                                  %pdfTeX warning (ext4): desti
nation with the same identifier (name{tcb@cnt@block.9}) has been already used, 
duplicate ignored
<to be read again> 
                   \relax 
l.1478 ...uct Rule.}{}{x:principle:prin-prod-rule}
                                                  %

LaTeX Font Warning: Font shape `T1/iwona/m/sl' undefined
(Font)              using `T1/iwona/m/it' instead on input line 1491.

[11 <./figs/test-papers.jpg>]pdfTeX warning (ext4): destination with the same i
dentifier (name{tcb@cnt@block.10}) has been already used, duplicate ignored
<to be read again> 
                   \relax 
l.1492 ...Outfits.}{x:exercise:ex-counting-outfit}
                                                  %pdfTeX warning (ext4): desti
nation with the same identifier (name{tcb@cnt@block.11}) has been already used,
 duplicate ignored
<to be read again> 
                   \relax 
l.1495 ....}{x:exercise:ex-counting-prove-product}
                                                  %pdfTeX warning (ext4): desti
nation with the same identifier (name{tcb@cnt@block.12}) has been already used,
 duplicate ignored
<to be read again> 
                   \relax 
l.1500 ...Choice Exam.}{x:example:eg-counting-mcq}
                                                  %
<figs/mcq1.png, id=380, 228.855pt x 221.628pt>
File: figs/mcq1.png Graphic file (type png)
<use figs/mcq1.png>
Package pdftex.def Info: figs/mcq1.png  used on input line 1504.
(pdftex.def)             Requested size: 93.21156pt x 90.26611pt.
pdfTeX warning (ext4): destination with the same identifier (name{tcb@cnt@block
.13}) has been already used, duplicate ignored
<to be read again> 
                   \relax 
l.1518 ...ople.}{x:exercise:ex-counting-coldplay2}
                                                  %

LaTeX Font Warning: Font shape `T1/iwona/m/sl' undefined
(Font)              using `T1/iwona/m/it' instead on input line 1520.

[12 <./figs/mcq1.png>]
************************************************
Solutions 2.1.1 Solutions to Selected Checkpoints
************************************************

Overfull \hbox (20.22838pt too wide) in paragraph at lines 1553--1558
 [][] 
 []


LaTeX Font Warning: Font shape `T1/iwona/m/sl' undefined
(Font)              using `T1/iwona/m/it' instead on input line 1586.

[13]
************************************************
Section 2.2 Permutations and Combinations
************************************************
pdfTeX warning (ext4): destination with the same identifier (name{tcb@cnt@block
.1}) has been already used, duplicate ignored
<to be read again> 
                   \relax 
l.1615 ...mutation.}{x:definition:def-permutation}
                                                  %pdfTeX warning (ext4): desti
nation with the same identifier (name{tcb@cnt@block.2}) has been already used, 
duplicate ignored
<to be read again> 
                   \relax 
l.1618 ...n{remark}{}{x:remark:remark-permutation}
                                                  %pdfTeX warning (ext4): desti
nation with the same identifier (name{tcb@cnt@block.3}) has been already used, 
duplicate ignored
<to be read again> 
                   \relax 
l.1626 ...ions.}{x:example:eg-counting-bijections}
                                                  %

LaTeX Font Warning: Font shape `T1/iwona/m/sl' undefined
(Font)              using `T1/iwona/m/it' instead on input line 1632.

[14]pdfTeX warning (ext4): destination with the same identifier (name{tcb@cnt@b
lock.4}) has been already used, duplicate ignored
<to be read again> 
                   \relax 
l.1634 ...ATION.}{x:exercise:ex-counting-EQUATION}
                                                  %pdfTeX warning (ext4): desti
nation with the same identifier (name{tcb@cnt@block.5}) has been already used, 
duplicate ignored
<to be read again> 
                   \relax 
l.1647 ...an \(n\)-set.}{}{x:proposition:prop-Pnk}
                                                  %pdfTeX warning (ext4): desti
nation with the same identifier (name{tcb@cnt@block.6}) has been already used, 
duplicate ignored
<to be read again> 
                   \relax 
l.1650 ...{remark}{}{x:remark:remark-Pnk-notation}
                                                  %pdfTeX warning (ext4): desti
nation with the same identifier (name{tcb@cnt@block.7}) has been already used, 
duplicate ignored
<to be read again> 
                   \relax 
l.1653 ...}{x:example:eg-counting-student-council}
                                                  %pdfTeX warning (ext4): desti
nation with the same identifier (name{tcb@cnt@block.8}) has been already used, 
duplicate ignored
<to be read again> 
                   \relax 
l.1679 ...{ZAHLEN.}{x:exercise:ex-counting-ZAHLEN}
                                                  %pdfTeX warning (ext4): desti
nation with the same identifier (name{tcb@cnt@block.9}) has been already used, 
duplicate ignored
<to be read again> 
                   \relax 
l.1697 ...ed Letters.}{x:example:eg-counting-YEET}
                                                  %
Overfull \hbox (35.57675pt too wide) in paragraph at lines 1705--1710
 [][] 
 []


LaTeX Font Warning: Font shape `T1/iwona/m/sl' undefined
(Font)              using `T1/iwona/m/it' instead on input line 1729.

[15]pdfTeX warning (ext4): destination with the same identifier (name{tcb@cnt@b
lock.10}) has been already used, duplicate ignored
<to be read again> 
                   \relax 
l.1758 ...iset.}{}{x:proposition:prop-perm-repeat}
                                                  %pdfTeX warning (ext4): desti
nation with the same identifier (name{tcb@cnt@block.11}) has been already used,
 duplicate ignored
<to be read again> 
                   \relax 
l.1765 ...GA.}{x:exercise:ex-counting-MISSISSAUGA}
                                                  %pdfTeX warning (ext4): desti
nation with the same identifier (name{tcb@cnt@block.12}) has been already used,
 duplicate ignored
<to be read again> 
                   \relax 
l.1775 ...CS.}{x:exercise:ex-counting-MATHEMATICS}
                                                  %

LaTeX Font Warning: Font shape `T1/iwona/m/sl' undefined
(Font)              using `T1/iwona/m/it' instead on input line 1789.

[16]pdfTeX warning (ext4): destination with the same identifier (name{tcb@cnt@b
lock.13}) has been already used, duplicate ignored
<to be read again> 
                   \relax 
l.1790 ...nament.}{x:exercise:ex-counting-esports}
                                                  %pdfTeX warning (ext4): desti
nation with the same identifier (name{tcb@cnt@block.14}) has been already used,
 duplicate ignored
<to be read again> 
                   \relax 
l.1811 ...ids.}{x:example:eg-counting-bridesmaids}
                                                  %
Overfull \hbox (27.9226pt too wide) in paragraph at lines 1819--1824
 [][] 
 []


Overfull \hbox (27.9226pt too wide) in paragraph at lines 1833--1838
 [][] 
 []


Overfull \hbox (0.25743pt too wide) in paragraph at lines 1844--1845
[]\T1/iwona/b/it/10 Note \T1/iwona/m/n/10 When the usual for-mula for $\OML/iwo
na/m/it/10 k$\T1/iwona/m/n/10 -permutations from an $\OML/iwona/m/it/10 n$\T1/i
wona/m/n/10 -set ([][]Propo-
 []


Overfull \hbox (3.2314pt too wide) in paragraph at lines 1844--1845
\T1/iwona/m/n/10 si-tion [][]2.2.5[][][][])) is ap-plied to the pre-vi-ous ex-a
m-ple, we get a to-tal of $[] \OT1/iwonam/m/n/10 =
 []


LaTeX Font Warning: Font shape `T1/iwona/m/sl' undefined
(Font)              using `T1/iwona/m/it' instead on input line 1860.

[17]pdfTeX warning (ext4): destination with the same identifier (name{tcb@cnt@b
lock.15}) has been already used, duplicate ignored
<to be read again> 
                   \relax 
l.1880 ...bination.}{x:definition:def-combination}
                                                  %pdfTeX warning (ext4): desti
nation with the same identifier (name{tcb@cnt@block.16}) has been already used,
 duplicate ignored
<to be read again> 
                   \relax 
l.1883 ...n \(n\)-set.}{}{x:proposition:prop-comb}
                                                  %
Underfull \hbox (badness 1231) in paragraph at lines 1918--1919
[]\T1/iwona/m/n/10 Step 2: Pick three black
 []


LaTeX Font Warning: Font shape `T1/iwona/m/sl' undefined
(Font)              using `T1/iwona/m/it' instead on input line 1927.

[18]
Overfull \hbox (4.28125pt too wide) in paragraph at lines 1928--1930
[]\T1/iwona/b/n/10 Checkpoint 2.2.18  Es-ports Tour-na-ment, again. []\T1/iwona
/m/n/10 Solve part a. of [][]Check-point [][]2.2.13[][][][]
 []

pdfTeX warning (ext4): destination with the same identifier (name{tcb@cnt@proje
ct-distinct.1}) has been already used, duplicate ignored
<to be read again> 
                   \relax 
l.1935 ...binatorics.}{x:exploration:expl-susruta}
                                                  %

! Package inputenc Error: Unicode character  (U+1E45)
(inputenc)                not set up for use with LaTeX.

See the inputenc package documentation for explanation.
Type  H <return>  for immediate help.
 ...                                              
                                                  
l.1936 ...alled \emph{vikalpa} and \emph{bhaga}
                                                  , respectively, they were ...

? 

LaTeX Font Warning: Font shape `T1/iwona/m/sl' undefined
(Font)              using `T1/iwona/m/it' instead on input line 1940.


! Package inputenc Error: Unicode character  (U+1E43)
(inputenc)                not set up for use with LaTeX.

See the inputenc package documentation for explanation.
Type  H <return>  for immediate help.
 ...                                              
                                                  
l.1940 ...Samhita}{\pubtitle{Suruta-sahit}}
                                                  , (est. 500 BC) an ancient...

? 

Overfull \hbox (1.44342pt too wide) in paragraph at lines 1940--1941
[]\T1/iwona/m/n/10 The [][]\T1/iwona/m/it/10 Suruta-sahit	a[][]\T1/iwona/m/n/1
0 , (est. 500 BC) an an-cient Hindu text on medicine
 []


LaTeX Font Warning: Font shape `T1/iwona/m/sl' undefined
(Font)              using `T1/iwona/m/it' instead on input line 1945.


! Package inputenc Error: Unicode character  (U+1E43)
(inputenc)                not set up for use with LaTeX.

See the inputenc package documentation for explanation.
Type  H <return>  for immediate help.
 ...                                              
                                                  
l.1945 \pubtitle{Suruta-sahit}
                                      lxiii, as cited in \hyperlink{x:biblio...

? 

Underfull \hbox (badness 10000) in paragraph at lines 1944--1946

 []


LaTeX Font Warning: Font shape `T1/iwona/m/sl' undefined
(Font)              using `T1/iwona/m/it' instead on input line 1949.


Overfull \hbox (16.43944pt too wide) in paragraph at lines 1951--1952
\T1/iwona/m/n/10 is the re-verse ar-range-ment? Ad- dh	asamaya, Pud-gal	astik	a
ya,
 []


Overfull \hbox (57.26326pt too wide) in paragraph at lines 1951--1952
\T1/iwona/m/n/10 J	v	astik	aya, []Ak	a	astik	aya, Ad-harm	a- stik	aya, and Dh
arm	astik	ayathis
 []


LaTeX Font Warning: Font shape `T1/iwona/m/sl' undefined
(Font)              using `T1/iwona/m/it' instead on input line 1954.


Underfull \hbox (badness 10000) in paragraph at lines 1953--1955

 []


LaTeX Font Warning: Font shape `T1/iwona/m/sl' undefined
(Font)              using `T1/iwona/m/it' instead on input line 1959.

[19]
************************************************
Solutions 2.2.1 Solutions to Selected Checkpoints
************************************************

LaTeX Font Warning: Font shape `T1/iwona/m/sl' undefined
(Font)              using `T1/iwona/m/it' instead on input line 2026.

[20]
************************************************
Section 2.3 Binomial Coefficients
************************************************
************************************************
Section 2.4 The Balls in Bins Formula
************************************************
************************************************
Section 2.5 Combinatorial Arguments
************************************************
************************************************
Exercises 2.6 Exercises
************************************************
************************************************
Chapter 3 Pigeonhole and Inclusion-Exclusion
************************************************

Underfull \hbox (badness 10000) in paragraph at lines 2094--2103

 []


LaTeX Font Warning: Font shape `T1/iwona/m/sl' undefined
(Font)              using `T1/iwona/m/it' instead on input line 2103.

[21]

LaTeX Font Warning: Font shape `T1/iwona/m/sl' undefined
(Font)              using `T1/iwona/m/it' instead on input line 2103.

[22]
Chapter 3.
************************************************
Section 3.1 The Pigeonhole Principle
************************************************
************************************************
Section 3.2 Principle of Inclusion-Exclusion
************************************************
************************************************
Exercises 3.3 Exercises
************************************************
************************************************
Appendix A Notation
************************************************
[23

]
Appendix A.
************************************************
Appendix B List of Results
************************************************
[24

]
Appendix B.
[25

]
************************************************
Appendix C Solutions to Selected Exercises
************************************************

LaTeX Font Warning: Font shape `T1/iwona/m/sl' undefined
(Font)              using `T1/iwona/m/it' instead on input line 2232.

[26]
Appendix C.
[27

]
************************************************
References References
************************************************
[28


]
Package atveryend Info: Empty hook `BeforeClearDocument' on input line 2269.
Package atveryend Info: Empty hook `AfterLastShipout' on input line 2269.
 (itdm.aux)
Package atveryend Info: Executing hook `AtVeryEndDocument' on input line 2269.
Package atveryend Info: Executing hook `AtEndAfterFileList' on input line 2269.

Package rerunfilecheck Info: File `itdm.out' has not changed.
(rerunfilecheck)             Checksum: 8AD2215B8D661BC7C259E53612C2B0A2;1447.


LaTeX Font Warning: Some font shapes were not available, defaults substituted.

 ) 
Here is how much of TeX's memory you used:
 40418 strings out of 480931
 960562 string characters out of 2909581
 1430237 words of memory out of 3000000
 55287 multiletter control sequences out of 15000+200000
 613404 words of font info for 87 fonts, out of 3000000 for 9000
 1141 hyphenation exceptions out of 8191
 70i,13n,119p,800b,1782s stack positions out of 5000i,500n,10000p,200000b,50000s
pdfTeX warning (dest): name{x:biblio:bib-kolachana-2019} has been referenced 
but does not exist, replaced by a fixed one

pdfTeX warning (dest): name{x:biblio:bib-fuchs-102} has been referenced but doe
s not exist, replaced by a fixed one

{C:/Users/tjyus/AppData/Roaming/MiKTeX/2.9/fonts/enc/dvips/iwona/ts1-iwona.enc}
{C:/Users/tjyus/AppData/Roaming/MiKTeX/2.9/fonts/enc/dvips/iwona/ex-iwona.enc}{
C:/Users/tjyus/AppData/Roaming/MiKTeX/2.9/fonts/enc/dvips/iwona/rm-iwona.enc}{C
:/Users/tjyus/AppData/Roaming/MiKTeX/2.9/fonts/enc/dvips/iwona/sy-iwona.enc}{C:
/Users/tjyus/AppData/Roaming/MiKTeX/2.9/fonts/enc/dvips/iwona/mi-iwona.enc} <C:
\Users\tjyus\AppData\Local\MiKTeX\2.9\fonts/pk/ljfour/public/ifsym/dpi540\ifgeo
10.pk>{C:/Users/tjyus/AppData/Roaming/MiKTeX/2.9/fonts/enc/dvips/iwona/ec-iwona
.enc}{C:/Users/tjyus/AppData/Roaming/MiKTeX/2.9/fonts/enc/dvips/iwona/ec-iwona-
sc.enc} <C:\Users\tjyus\AppData\Local\MiKTeX\2.9\fonts/pk/ljfour/jknappen/ec/dp
i600\ectt1000.pk><C:/Users/tjyus/AppData/Roaming/MiKTeX/2.9/fonts/type1/nowacki
/iwona/iwonab.pfb><C:/Users/tjyus/AppData/Roaming/MiKTeX/2.9/fonts/type1/nowack
i/iwona/iwonabi.pfb><C:/Users/tjyus/AppData/Roaming/MiKTeX/2.9/fonts/type1/nowa
cki/iwona/iwonar.pfb><C:/Users/tjyus/AppData/Roaming/MiKTeX/2.9/fonts/type1/now
acki/iwona/iwonari.pfb><C:/Program Files/MiKTeX 2.9/fonts/type1/public/amsfonts
/symbols/msbm10.pfb>
Output written on itdm.pdf (38 pages, 9976854 bytes).
PDF statistics:
 752 PDF objects out of 1000 (max. 8388607)
 242 named destinations out of 1000 (max. 500000)
 234 words of extra memory for PDF output out of 10000 (max. 10000000)

